{"/home/travis/build/npmtest/node-npmtest-angular-messages/test.js":{"path":"/home/travis/build/npmtest/node-npmtest-angular-messages/test.js","s":{"1":2,"2":2,"3":2,"4":2,"5":2,"6":2,"7":2,"8":1,"9":2,"10":2,"11":1,"12":1,"13":1,"14":1,"15":2,"16":2,"17":2,"18":2,"19":1,"20":1,"21":2,"22":2,"23":2,"24":1,"25":1,"26":1,"27":1,"28":1,"29":1,"30":1,"31":1,"32":1,"33":1,"34":1,"35":1,"36":1,"37":1,"38":1,"39":2,"40":2,"41":1,"42":2,"43":2,"44":1,"45":2,"46":2,"47":1,"48":2,"49":2,"50":1,"51":1,"52":1,"53":1,"54":1},"b":{"1":[2,1,1,1],"2":[1,1,1,1],"3":[1,1],"4":[1,1],"5":[1,1],"6":[1,1],"7":[1,1],"8":[1,1],"9":[1,1],"10":[1,1,1],"11":[1,1],"12":[1,1],"13":[1,1],"14":[1,1],"15":[1,1],"16":[1,1],"17":[1,1]},"f":{"1":2,"2":2,"3":2,"4":2,"5":2,"6":1,"7":1,"8":1,"9":2,"10":2,"11":2,"12":2,"13":1},"fnMap":{"1":{"name":"(anonymous_1)","line":12,"loc":{"start":{"line":12,"column":1},"end":{"line":12,"column":13}}},"2":{"name":"(anonymous_2)","line":19,"loc":{"start":{"line":19,"column":5},"end":{"line":19,"column":17}}},"3":{"name":"(anonymous_3)","line":23,"loc":{"start":{"line":23,"column":24},"end":{"line":23,"column":36}}},"4":{"name":"(anonymous_4)","line":61,"loc":{"start":{"line":61,"column":5},"end":{"line":61,"column":17}}},"5":{"name":"(anonymous_5)","line":82,"loc":{"start":{"line":82,"column":5},"end":{"line":82,"column":17}}},"6":{"name":"(anonymous_6)","line":91,"loc":{"start":{"line":91,"column":77},"end":{"line":94,"column":10}}},"7":{"name":"(anonymous_7)","line":112,"loc":{"start":{"line":112,"column":83},"end":{"line":115,"column":10}},"skip":true},"8":{"name":"(anonymous_8)","line":123,"loc":{"start":{"line":123,"column":77},"end":{"line":126,"column":10}},"skip":true},"9":{"name":"(anonymous_9)","line":139,"loc":{"start":{"line":139,"column":12},"end":{"line":139,"column":40}},"skip":true},"10":{"name":"(anonymous_10)","line":147,"loc":{"start":{"line":147,"column":77},"end":{"line":150,"column":10}},"skip":true},"11":{"name":"(anonymous_11)","line":158,"loc":{"start":{"line":158,"column":83},"end":{"line":161,"column":10}},"skip":true},"12":{"name":"(anonymous_12)","line":169,"loc":{"start":{"line":169,"column":79},"end":{"line":172,"column":10}},"skip":true},"13":{"name":"(anonymous_13)","line":180,"loc":{"start":{"line":180,"column":75},"end":{"line":183,"column":10}},"skip":true}},"statementMap":{"1":{"start":{"line":12,"column":0},"end":{"line":195,"column":5}},"2":{"start":{"line":14,"column":4},"end":{"line":14,"column":14}},"3":{"start":{"line":19,"column":4},"end":{"line":56,"column":9}},"4":{"start":{"line":21,"column":8},"end":{"line":21,"column":19}},"5":{"start":{"line":23,"column":8},"end":{"line":35,"column":13}},"6":{"start":{"line":24,"column":12},"end":{"line":34,"column":13}},"7":{"start":{"line":25,"column":16},"end":{"line":28,"column":30}},"8":{"start":{"line":30,"column":16},"end":{"line":33,"column":27}},"9":{"start":{"line":37,"column":8},"end":{"line":39,"column":21}},"10":{"start":{"line":40,"column":8},"end":{"line":53,"column":9}},"11":{"start":{"line":43,"column":12},"end":{"line":46,"column":14}},"12":{"start":{"line":47,"column":12},"end":{"line":47,"column":18}},"13":{"start":{"line":50,"column":12},"end":{"line":51,"column":33}},"14":{"start":{"line":52,"column":12},"end":{"line":52,"column":18}},"15":{"start":{"line":55,"column":8},"end":{"line":55,"column":35}},"16":{"start":{"line":61,"column":4},"end":{"line":63,"column":9}},"17":{"start":{"line":62,"column":8},"end":{"line":62,"column":15}},"18":{"start":{"line":64,"column":4},"end":{"line":77,"column":5}},"19":{"start":{"line":70,"column":8},"end":{"line":70,"column":14}},"20":{"start":{"line":76,"column":8},"end":{"line":76,"column":14}},"21":{"start":{"line":82,"column":4},"end":{"line":84,"column":9}},"22":{"start":{"line":83,"column":8},"end":{"line":83,"column":15}},"23":{"start":{"line":85,"column":4},"end":{"line":194,"column":5}},"24":{"start":{"line":91,"column":8},"end":{"line":99,"column":10}},"25":{"start":{"line":98,"column":12},"end":{"line":98,"column":35}},"26":{"start":{"line":102,"column":8},"end":{"line":104,"column":63}},"27":{"start":{"line":105,"column":8},"end":{"line":105,"column":14}},"28":{"start":{"line":112,"column":8},"end":{"line":121,"column":10},"skip":true},"29":{"start":{"line":119,"column":12},"end":{"line":119,"column":55},"skip":true},"30":{"start":{"line":120,"column":12},"end":{"line":120,"column":48},"skip":true},"31":{"start":{"line":123,"column":8},"end":{"line":136,"column":10},"skip":true},"32":{"start":{"line":130,"column":12},"end":{"line":130,"column":76},"skip":true},"33":{"start":{"line":131,"column":12},"end":{"line":131,"column":73},"skip":true},"34":{"start":{"line":132,"column":12},"end":{"line":132,"column":74},"skip":true},"35":{"start":{"line":133,"column":12},"end":{"line":133,"column":79},"skip":true},"36":{"start":{"line":134,"column":12},"end":{"line":134,"column":25},"skip":true},"37":{"start":{"line":135,"column":12},"end":{"line":135,"column":45},"skip":true},"38":{"start":{"line":138,"column":8},"end":{"line":145,"column":14},"skip":true},"39":{"start":{"line":143,"column":16},"end":{"line":143,"column":29},"skip":true},"40":{"start":{"line":144,"column":16},"end":{"line":144,"column":55},"skip":true},"41":{"start":{"line":147,"column":8},"end":{"line":156,"column":10},"skip":true},"42":{"start":{"line":154,"column":12},"end":{"line":154,"column":25},"skip":true},"43":{"start":{"line":155,"column":12},"end":{"line":155,"column":45},"skip":true},"44":{"start":{"line":158,"column":8},"end":{"line":167,"column":10},"skip":true},"45":{"start":{"line":165,"column":12},"end":{"line":165,"column":25},"skip":true},"46":{"start":{"line":166,"column":12},"end":{"line":166,"column":48},"skip":true},"47":{"start":{"line":169,"column":8},"end":{"line":178,"column":10},"skip":true},"48":{"start":{"line":176,"column":12},"end":{"line":176,"column":25},"skip":true},"49":{"start":{"line":177,"column":12},"end":{"line":177,"column":46},"skip":true},"50":{"start":{"line":180,"column":8},"end":{"line":189,"column":10},"skip":true},"51":{"start":{"line":187,"column":12},"end":{"line":187,"column":94},"skip":true},"52":{"start":{"line":188,"column":12},"end":{"line":188,"column":48},"skip":true},"53":{"start":{"line":192,"column":8},"end":{"line":192,"column":35},"skip":true},"54":{"start":{"line":193,"column":8},"end":{"line":193,"column":14},"skip":true}},"branchMap":{"1":{"line":25,"type":"binary-expr","locations":[{"start":{"line":25,"column":23},"end":{"line":25,"column":62}},{"start":{"line":26,"column":20},"end":{"line":26,"column":70}},{"start":{"line":27,"column":20},"end":{"line":27,"column":71}},{"start":{"line":28,"column":20},"end":{"line":28,"column":29}}]},"2":{"line":30,"type":"binary-expr","locations":[{"start":{"line":30,"column":23},"end":{"line":30,"column":37}},{"start":{"line":31,"column":20},"end":{"line":31,"column":61}},{"start":{"line":32,"column":20},"end":{"line":32,"column":70}},{"start":{"line":33,"column":20},"end":{"line":33,"column":26}}]},"3":{"line":37,"type":"cond-expr","locations":[{"start":{"line":38,"column":14},"end":{"line":38,"column":20}},{"start":{"line":39,"column":14},"end":{"line":39,"column":20}}]},"4":{"line":40,"type":"switch","locations":[{"start":{"line":42,"column":8},"end":{"line":47,"column":18}},{"start":{"line":49,"column":8},"end":{"line":52,"column":18}}]},"5":{"line":44,"type":"binary-expr","locations":[{"start":{"line":44,"column":16},"end":{"line":44,"column":44}},{"start":{"line":44,"column":48},"end":{"line":44,"column":66}}]},"6":{"line":50,"type":"binary-expr","locations":[{"start":{"line":50,"column":21},"end":{"line":50,"column":49}},{"start":{"line":50,"column":53},"end":{"line":50,"column":72}}]},"7":{"line":64,"type":"switch","locations":[{"start":{"line":69,"column":4},"end":{"line":70,"column":14}},{"start":{"line":75,"column":4},"end":{"line":76,"column":14}}]},"8":{"line":85,"type":"switch","locations":[{"start":{"line":90,"column":4},"end":{"line":105,"column":14}},{"start":{"line":111,"column":4},"end":{"line":193,"column":14},"skip":true}]},"9":{"line":91,"type":"binary-expr","locations":[{"start":{"line":91,"column":42},"end":{"line":91,"column":73}},{"start":{"line":91,"column":77},"end":{"line":99,"column":9}}]},"10":{"line":102,"type":"binary-expr","locations":[{"start":{"line":102,"column":18},"end":{"line":102,"column":32}},{"start":{"line":103,"column":12},"end":{"line":103,"column":53}},{"start":{"line":104,"column":12},"end":{"line":104,"column":61}}]},"11":{"line":112,"type":"binary-expr","locations":[{"start":{"line":112,"column":45},"end":{"line":112,"column":79},"skip":true},{"start":{"line":112,"column":83},"end":{"line":121,"column":9},"skip":true}]},"12":{"line":123,"type":"binary-expr","locations":[{"start":{"line":123,"column":42},"end":{"line":123,"column":73},"skip":true},{"start":{"line":123,"column":77},"end":{"line":136,"column":9},"skip":true}]},"13":{"line":138,"type":"binary-expr","locations":[{"start":{"line":138,"column":48},"end":{"line":138,"column":85},"skip":true},{"start":{"line":139,"column":12},"end":{"line":145,"column":13},"skip":true}]},"14":{"line":147,"type":"binary-expr","locations":[{"start":{"line":147,"column":42},"end":{"line":147,"column":73},"skip":true},{"start":{"line":147,"column":77},"end":{"line":156,"column":9},"skip":true}]},"15":{"line":158,"type":"binary-expr","locations":[{"start":{"line":158,"column":45},"end":{"line":158,"column":79},"skip":true},{"start":{"line":158,"column":83},"end":{"line":167,"column":9},"skip":true}]},"16":{"line":169,"type":"binary-expr","locations":[{"start":{"line":169,"column":43},"end":{"line":169,"column":75},"skip":true},{"start":{"line":169,"column":79},"end":{"line":178,"column":9},"skip":true}]},"17":{"line":180,"type":"binary-expr","locations":[{"start":{"line":180,"column":41},"end":{"line":180,"column":71},"skip":true},{"start":{"line":180,"column":75},"end":{"line":189,"column":9},"skip":true}]}},"code":["/* istanbul instrument in package npmtest_angular_messages */","/*jslint","    bitwise: true,","    browser: true,","    maxerr: 8,","    maxlen: 96,","    node: true,","    nomen: true,","    regexp: true,","    stupid: true","*/","(function () {","    'use strict';","    var local;","","","","    // run shared js-env code - init-before","    (function () {","        // init local","        local = {};","        // init modeJs","        local.modeJs = (function () {","            try {","                return typeof navigator.userAgent === 'string' &&","                    typeof document.querySelector('body') === 'object' &&","                    typeof XMLHttpRequest.prototype.open === 'function' &&","                    'browser';","            } catch (errorCaughtBrowser) {","                return module.exports &&","                    typeof process.versions.node === 'string' &&","                    typeof require('http').createServer === 'function' &&","                    'node';","            }","        }());","        // init global","        local.global = local.modeJs === 'browser'","            ? window","            : global;","        switch (local.modeJs) {","        // re-init local from window.local","        case 'browser':","            local = local.global.utility2.objectSetDefault(","                local.global.utility2_rollup || local.global.local,","                local.global.utility2","            );","            break;","        // re-init local from example.js","        case 'node':","            local = (local.global.utility2_rollup || require('utility2'))","                .requireReadme();","            break;","        }","        // export local","        local.global.local = local;","    }());","","","","    // run shared js-env code - function","    (function () {","        return;","    }());","    switch (local.modeJs) {","","","","    // run browser js-env code - function","    case 'browser':","        break;","","","","    // run node js-env code - function","    case 'node':","        break;","    }","","","","    // run shared js-env code - init-after","    (function () {","        return;","    }());","    switch (local.modeJs) {","","","","    // run browser js-env code - init-after","    case 'browser':","        local.testCase_browser_nullCase = local.testCase_browser_nullCase || function (","            options,","            onError","        ) {","        /*","         * this function will test browsers's null-case handling-behavior-behavior","         */","            onError(null, options);","        };","","        // run tests","        local.nop(local.modeTest &&","            document.querySelector('#testRunButton1') &&","            document.querySelector('#testRunButton1').click());","        break;","","","","    // run node js-env code - init-after","    /* istanbul ignore next */","    case 'node':","        local.testCase_buildApidoc_default = local.testCase_buildApidoc_default || function (","            options,","            onError","        ) {","        /*","         * this function will test buildApidoc's default handling-behavior-behavior","         */","            options = { modulePathList: module.paths };","            local.buildApidoc(options, onError);","        };","","        local.testCase_buildApp_default = local.testCase_buildApp_default || function (","            options,","            onError","        ) {","        /*","         * this function will test buildApp's default handling-behavior-behavior","         */","            local.testCase_buildReadme_default(options, local.onErrorThrow);","            local.testCase_buildLib_default(options, local.onErrorThrow);","            local.testCase_buildTest_default(options, local.onErrorThrow);","            local.testCase_buildCustomOrg_default(options, local.onErrorThrow);","            options = [];","            local.buildApp(options, onError);","        };","","        local.testCase_buildCustomOrg_default = local.testCase_buildCustomOrg_default ||","            function (options, onError) {","            /*","             * this function will test buildCustomOrg's default handling-behavior","             */","                options = {};","                local.buildCustomOrg(options, onError);","            };","","        local.testCase_buildLib_default = local.testCase_buildLib_default || function (","            options,","            onError","        ) {","        /*","         * this function will test buildLib's default handling-behavior","         */","            options = {};","            local.buildLib(options, onError);","        };","","        local.testCase_buildReadme_default = local.testCase_buildReadme_default || function (","            options,","            onError","        ) {","        /*","         * this function will test buildReadme's default handling-behavior-behavior","         */","            options = {};","            local.buildReadme(options, onError);","        };","","        local.testCase_buildTest_default = local.testCase_buildTest_default || function (","            options,","            onError","        ) {","        /*","         * this function will test buildTest's default handling-behavior","         */","            options = {};","            local.buildTest(options, onError);","        };","","        local.testCase_webpage_default = local.testCase_webpage_default || function (","            options,","            onError","        ) {","        /*","         * this function will test webpage's default handling-behavior","         */","            options = { modeCoverageMerge: true, url: local.serverLocalHost + '?modeTest=1' };","            local.browserTest(options, onError);","        };","","        // run test-server","        local.testRunServer(local);","        break;","    }","}());",""],"l":{"12":2,"14":2,"19":2,"21":2,"23":2,"24":2,"25":2,"30":1,"37":2,"40":2,"43":1,"47":1,"50":1,"52":1,"55":2,"61":2,"62":2,"64":2,"70":1,"76":1,"82":2,"83":2,"85":2,"91":1,"98":1,"102":1,"105":1,"112":1,"119":1,"120":1,"123":1,"130":1,"131":1,"132":1,"133":1,"134":1,"135":1,"138":1,"143":2,"144":2,"147":1,"154":2,"155":2,"158":1,"165":2,"166":2,"169":1,"176":2,"177":2,"180":1,"187":1,"188":1,"192":1,"193":1}},"/home/travis/build/npmtest/node-npmtest-angular-messages/lib.npmtest_angular_messages.js":{"path":"/home/travis/build/npmtest/node-npmtest-angular-messages/lib.npmtest_angular_messages.js","s":{"1":2,"2":2,"3":2,"4":2,"5":2,"6":2,"7":2,"8":1,"9":2,"10":2,"11":2,"12":2,"13":1,"14":1,"15":1,"16":1},"b":{"1":[2,1,1,1],"2":[1,1,1,1],"3":[1,1],"4":[2,2],"5":[1,1]},"f":{"1":2,"2":2,"3":2},"fnMap":{"1":{"name":"(anonymous_1)","line":12,"loc":{"start":{"line":12,"column":1},"end":{"line":12,"column":13}}},"2":{"name":"(anonymous_2)","line":19,"loc":{"start":{"line":19,"column":5},"end":{"line":19,"column":17}}},"3":{"name":"(anonymous_3)","line":23,"loc":{"start":{"line":23,"column":24},"end":{"line":23,"column":36}}}},"statementMap":{"1":{"start":{"line":12,"column":0},"end":{"line":53,"column":5}},"2":{"start":{"line":14,"column":4},"end":{"line":14,"column":14}},"3":{"start":{"line":19,"column":4},"end":{"line":52,"column":9}},"4":{"start":{"line":21,"column":8},"end":{"line":21,"column":19}},"5":{"start":{"line":23,"column":8},"end":{"line":35,"column":13}},"6":{"start":{"line":24,"column":12},"end":{"line":34,"column":13}},"7":{"start":{"line":25,"column":16},"end":{"line":28,"column":30}},"8":{"start":{"line":30,"column":16},"end":{"line":33,"column":27}},"9":{"start":{"line":37,"column":8},"end":{"line":39,"column":21}},"10":{"start":{"line":41,"column":8},"end":{"line":41,"column":54}},"11":{"start":{"line":43,"column":8},"end":{"line":43,"column":61}},"12":{"start":{"line":45,"column":8},"end":{"line":51,"column":9}},"13":{"start":{"line":46,"column":12},"end":{"line":46,"column":67}},"14":{"start":{"line":48,"column":12},"end":{"line":48,"column":35}},"15":{"start":{"line":49,"column":12},"end":{"line":49,"column":49}},"16":{"start":{"line":50,"column":12},"end":{"line":50,"column":43}}},"branchMap":{"1":{"line":25,"type":"binary-expr","locations":[{"start":{"line":25,"column":23},"end":{"line":25,"column":62}},{"start":{"line":26,"column":20},"end":{"line":26,"column":70}},{"start":{"line":27,"column":20},"end":{"line":27,"column":71}},{"start":{"line":28,"column":20},"end":{"line":28,"column":29}}]},"2":{"line":30,"type":"binary-expr","locations":[{"start":{"line":30,"column":23},"end":{"line":30,"column":37}},{"start":{"line":31,"column":20},"end":{"line":31,"column":61}},{"start":{"line":32,"column":20},"end":{"line":32,"column":70}},{"start":{"line":33,"column":20},"end":{"line":33,"column":26}}]},"3":{"line":37,"type":"cond-expr","locations":[{"start":{"line":38,"column":14},"end":{"line":38,"column":20}},{"start":{"line":39,"column":14},"end":{"line":39,"column":20}}]},"4":{"line":41,"type":"binary-expr","locations":[{"start":{"line":41,"column":16},"end":{"line":41,"column":44}},{"start":{"line":41,"column":48},"end":{"line":41,"column":53}}]},"5":{"line":45,"type":"if","locations":[{"start":{"line":45,"column":8},"end":{"line":45,"column":8}},{"start":{"line":45,"column":8},"end":{"line":45,"column":8}}]}},"code":["/* istanbul instrument in package npmtest_angular_messages */","/*jslint","    bitwise: true,","    browser: true,","    maxerr: 8,","    maxlen: 96,","    node: true,","    nomen: true,","    regexp: true,","    stupid: true","*/","(function () {","    'use strict';","    var local;","","","","    // run shared js-env code - init-before","    (function () {","        // init local","        local = {};","        // init modeJs","        local.modeJs = (function () {","            try {","                return typeof navigator.userAgent === 'string' &&","                    typeof document.querySelector('body') === 'object' &&","                    typeof XMLHttpRequest.prototype.open === 'function' &&","                    'browser';","            } catch (errorCaughtBrowser) {","                return module.exports &&","                    typeof process.versions.node === 'string' &&","                    typeof require('http').createServer === 'function' &&","                    'node';","            }","        }());","        // init global","        local.global = local.modeJs === 'browser'","            ? window","            : global;","        // init utility2_rollup","        local = local.global.utility2_rollup || local;","        // init lib","        local.local = local.npmtest_angular_messages = local;","        // init exports","        if (local.modeJs === 'browser') {","            local.global.utility2_npmtest_angular_messages = local;","        } else {","            module.exports = local;","            module.exports.__dirname = __dirname;","            module.exports.module = module;","        }","    }());","}());",""],"l":{"12":2,"14":2,"19":2,"21":2,"23":2,"24":2,"25":2,"30":1,"37":2,"41":2,"43":2,"45":2,"46":1,"48":1,"49":1,"50":1}},"/home/travis/build/npmtest/node-npmtest-angular-messages/example.js":{"path":"/home/travis/build/npmtest/node-npmtest-angular-messages/example.js","s":{"1":2,"2":2,"3":2,"4":2,"5":2,"6":2,"7":2,"8":1,"9":2,"10":2,"11":2,"12":2,"13":1,"14":2,"15":2,"16":2,"17":2,"18":2,"19":0,"20":2,"21":1,"22":1,"23":1,"24":1,"25":1,"26":0,"27":0,"28":1,"29":1,"30":2,"31":0,"32":0,"33":0,"34":1,"35":2,"36":2,"37":3,"38":3,"39":3,"40":3,"41":0,"42":3,"43":3,"44":3,"45":1,"46":3,"47":1,"48":1,"49":1,"50":1,"51":1,"52":1,"53":1,"54":1,"55":1,"56":1,"57":0,"58":1,"59":6,"60":6,"61":1,"62":2,"63":0,"64":2,"65":1,"66":1,"67":0,"68":0,"69":0,"70":0,"71":0,"72":0,"73":0,"74":0,"75":0,"76":0,"77":0,"78":0,"79":0,"80":0,"81":0,"82":0,"83":0},"b":{"1":[2,1,1,1],"2":[1,1,1,1],"3":[1,1],"4":[2,2],"5":[1,1],"6":[1,1],"7":[2,0],"8":[2,1,1,1,1,1],"9":[0,2,0],"10":[1,1],"11":[2,1,1],"12":[1,0],"13":[0,2],"14":[2,0,0,0,0,0,0],"15":[0,3],"16":[3,0],"17":[1,1],"18":[0,1],"19":[1,2,0,2],"20":[1,0],"21":[1,1],"22":[0,0],"23":[0,0],"24":[0,0],"25":[0,0],"26":[0,0],"27":[0,0],"28":[0,0]},"f":{"1":2,"2":2,"3":2,"4":2,"5":2,"6":2,"7":3,"8":3,"9":3,"10":1,"11":6,"12":0},"fnMap":{"1":{"name":"(anonymous_1)","line":26,"loc":{"start":{"line":26,"column":1},"end":{"line":26,"column":13}}},"2":{"name":"(anonymous_2)","line":33,"loc":{"start":{"line":33,"column":5},"end":{"line":33,"column":17}}},"3":{"name":"(anonymous_3)","line":37,"loc":{"start":{"line":37,"column":24},"end":{"line":37,"column":36}}},"4":{"name":"(anonymous_4)","line":69,"loc":{"start":{"line":69,"column":31},"end":{"line":69,"column":48}},"skip":true},"5":{"name":"(anonymous_5)","line":78,"loc":{"start":{"line":78,"column":26},"end":{"line":78,"column":45}},"skip":true},"6":{"name":"(anonymous_6)","line":123,"loc":{"start":{"line":123,"column":33},"end":{"line":123,"column":48}},"skip":true},"7":{"name":"(anonymous_7)","line":125,"loc":{"start":{"line":125,"column":27},"end":{"line":125,"column":39}},"skip":true},"8":{"name":"(anonymous_8)","line":133,"loc":{"start":{"line":133,"column":59},"end":{"line":133,"column":74}},"skip":true},"9":{"name":"(anonymous_9)","line":143,"loc":{"start":{"line":143,"column":45},"end":{"line":143,"column":62}},"skip":true},"10":{"name":"(anonymous_10)","line":144,"loc":{"start":{"line":144,"column":73},"end":{"line":144,"column":92}},"skip":true},"11":{"name":"(anonymous_11)","line":272,"loc":{"start":{"line":272,"column":51},"end":{"line":272,"column":77}},"skip":true},"12":{"name":"(anonymous_12)","line":315,"loc":{"start":{"line":315,"column":32},"end":{"line":315,"column":61}},"skip":true}},"statementMap":{"1":{"start":{"line":26,"column":0},"end":{"line":326,"column":5}},"2":{"start":{"line":28,"column":4},"end":{"line":28,"column":14}},"3":{"start":{"line":33,"column":4},"end":{"line":60,"column":9}},"4":{"start":{"line":35,"column":8},"end":{"line":35,"column":19}},"5":{"start":{"line":37,"column":8},"end":{"line":49,"column":13}},"6":{"start":{"line":38,"column":12},"end":{"line":48,"column":13}},"7":{"start":{"line":39,"column":16},"end":{"line":42,"column":30}},"8":{"start":{"line":44,"column":16},"end":{"line":47,"column":27}},"9":{"start":{"line":51,"column":8},"end":{"line":53,"column":21}},"10":{"start":{"line":55,"column":8},"end":{"line":57,"column":45}},"11":{"start":{"line":59,"column":8},"end":{"line":59,"column":35}},"12":{"start":{"line":61,"column":4},"end":{"line":325,"column":5}},"13":{"start":{"line":69,"column":8},"end":{"line":121,"column":10},"skip":true},"14":{"start":{"line":70,"column":12},"end":{"line":88,"column":13},"skip":true},"15":{"start":{"line":76,"column":16},"end":{"line":87,"column":19},"skip":true},"16":{"start":{"line":79,"column":20},"end":{"line":86,"column":21},"skip":true},"17":{"start":{"line":82,"column":24},"end":{"line":82,"column":43},"skip":true},"18":{"start":{"line":83,"column":24},"end":{"line":83,"column":30},"skip":true},"19":{"start":{"line":85,"column":24},"end":{"line":85,"column":49},"skip":true},"20":{"start":{"line":89,"column":12},"end":{"line":107,"column":13},"skip":true},"21":{"start":{"line":92,"column":16},"end":{"line":102,"column":17},"skip":true},"22":{"start":{"line":93,"column":20},"end":{"line":93,"column":86},"skip":true},"23":{"start":{"line":94,"column":20},"end":{"line":95,"column":45},"skip":true},"24":{"start":{"line":96,"column":20},"end":{"line":96,"column":42},"skip":true},"25":{"start":{"line":97,"column":20},"end":{"line":97,"column":48},"skip":true},"26":{"start":{"line":100,"column":20},"end":{"line":100,"column":85},"skip":true},"27":{"start":{"line":101,"column":20},"end":{"line":101,"column":96},"skip":true},"28":{"start":{"line":103,"column":16},"end":{"line":103,"column":22},"skip":true},"29":{"start":{"line":106,"column":16},"end":{"line":106,"column":22},"skip":true},"30":{"start":{"line":108,"column":12},"end":{"line":120,"column":13},"skip":true},"31":{"start":{"line":114,"column":16},"end":{"line":119,"column":17},"skip":true},"32":{"start":{"line":116,"column":20},"end":{"line":116,"column":78},"skip":true},"33":{"start":{"line":118,"column":20},"end":{"line":118,"column":47},"skip":true},"34":{"start":{"line":123,"column":8},"end":{"line":141,"column":11},"skip":true},"35":{"start":{"line":124,"column":12},"end":{"line":124,"column":54},"skip":true},"36":{"start":{"line":125,"column":12},"end":{"line":140,"column":14},"skip":true},"37":{"start":{"line":126,"column":16},"end":{"line":126,"column":28},"skip":true},"38":{"start":{"line":127,"column":16},"end":{"line":127,"column":69},"skip":true},"39":{"start":{"line":128,"column":16},"end":{"line":128,"column":75},"skip":true},"40":{"start":{"line":129,"column":16},"end":{"line":131,"column":17},"skip":true},"41":{"start":{"line":130,"column":20},"end":{"line":130,"column":27},"skip":true},"42":{"start":{"line":133,"column":16},"end":{"line":137,"column":36},"skip":true},"43":{"start":{"line":134,"column":20},"end":{"line":136,"column":55},"skip":true},"44":{"start":{"line":139,"column":16},"end":{"line":139,"column":57},"skip":true},"45":{"start":{"line":143,"column":8},"end":{"line":147,"column":11},"skip":true},"46":{"start":{"line":144,"column":12},"end":{"line":146,"column":15},"skip":true},"47":{"start":{"line":145,"column":16},"end":{"line":145,"column":70},"skip":true},"48":{"start":{"line":149,"column":8},"end":{"line":149,"column":31},"skip":true},"49":{"start":{"line":150,"column":8},"end":{"line":150,"column":14},"skip":true},"50":{"start":{"line":158,"column":8},"end":{"line":158,"column":31},"skip":true},"51":{"start":{"line":160,"column":8},"end":{"line":160,"column":33},"skip":true},"52":{"start":{"line":161,"column":8},"end":{"line":161,"column":37},"skip":true},"53":{"start":{"line":162,"column":8},"end":{"line":162,"column":35},"skip":true},"54":{"start":{"line":164,"column":8},"end":{"line":164,"column":50},"skip":true},"55":{"start":{"line":166,"column":8},"end":{"line":256,"column":2},"skip":true},"56":{"start":{"line":258,"column":8},"end":{"line":286,"column":9},"skip":true},"57":{"start":{"line":259,"column":12},"end":{"line":269,"column":14},"skip":true},"58":{"start":{"line":271,"column":12},"end":{"line":285,"column":19},"skip":true},"59":{"start":{"line":274,"column":20},"end":{"line":274,"column":35},"skip":true},"60":{"start":{"line":275,"column":20},"end":{"line":284,"column":21},"skip":true},"61":{"start":{"line":277,"column":24},"end":{"line":277,"column":64},"skip":true},"62":{"start":{"line":279,"column":24},"end":{"line":279,"column":40},"skip":true},"63":{"start":{"line":281,"column":24},"end":{"line":281,"column":40},"skip":true},"64":{"start":{"line":283,"column":24},"end":{"line":283,"column":39},"skip":true},"65":{"start":{"line":288,"column":8},"end":{"line":290,"column":9},"skip":true},"66":{"start":{"line":289,"column":12},"end":{"line":289,"column":18},"skip":true},"67":{"start":{"line":291,"column":8},"end":{"line":293,"column":54},"skip":true},"68":{"start":{"line":296,"column":8},"end":{"line":301,"column":37},"skip":true},"69":{"start":{"line":303,"column":8},"end":{"line":303,"column":82},"skip":true},"70":{"start":{"line":306,"column":8},"end":{"line":308,"column":9},"skip":true},"71":{"start":{"line":307,"column":12},"end":{"line":307,"column":82},"skip":true},"72":{"start":{"line":310,"column":8},"end":{"line":312,"column":9},"skip":true},"73":{"start":{"line":311,"column":12},"end":{"line":311,"column":18},"skip":true},"74":{"start":{"line":313,"column":8},"end":{"line":313,"column":54},"skip":true},"75":{"start":{"line":314,"column":8},"end":{"line":314,"column":69},"skip":true},"76":{"start":{"line":315,"column":8},"end":{"line":323,"column":36},"skip":true},"77":{"start":{"line":316,"column":12},"end":{"line":316,"column":61},"skip":true},"78":{"start":{"line":317,"column":12},"end":{"line":320,"column":13},"skip":true},"79":{"start":{"line":318,"column":16},"end":{"line":318,"column":75},"skip":true},"80":{"start":{"line":319,"column":16},"end":{"line":319,"column":23},"skip":true},"81":{"start":{"line":321,"column":12},"end":{"line":321,"column":38},"skip":true},"82":{"start":{"line":322,"column":12},"end":{"line":322,"column":27},"skip":true},"83":{"start":{"line":324,"column":8},"end":{"line":324,"column":14},"skip":true}},"branchMap":{"1":{"line":39,"type":"binary-expr","locations":[{"start":{"line":39,"column":23},"end":{"line":39,"column":62}},{"start":{"line":40,"column":20},"end":{"line":40,"column":70}},{"start":{"line":41,"column":20},"end":{"line":41,"column":71}},{"start":{"line":42,"column":20},"end":{"line":42,"column":29}}]},"2":{"line":44,"type":"binary-expr","locations":[{"start":{"line":44,"column":23},"end":{"line":44,"column":37}},{"start":{"line":45,"column":20},"end":{"line":45,"column":61}},{"start":{"line":46,"column":20},"end":{"line":46,"column":70}},{"start":{"line":47,"column":20},"end":{"line":47,"column":26}}]},"3":{"line":51,"type":"cond-expr","locations":[{"start":{"line":52,"column":14},"end":{"line":52,"column":20}},{"start":{"line":53,"column":14},"end":{"line":53,"column":20}}]},"4":{"line":55,"type":"binary-expr","locations":[{"start":{"line":55,"column":16},"end":{"line":55,"column":44}},{"start":{"line":55,"column":49},"end":{"line":57,"column":43}}]},"5":{"line":55,"type":"cond-expr","locations":[{"start":{"line":56,"column":14},"end":{"line":56,"column":60}},{"start":{"line":57,"column":14},"end":{"line":57,"column":43}}]},"6":{"line":61,"type":"switch","locations":[{"start":{"line":68,"column":4},"end":{"line":150,"column":14},"skip":true},{"start":{"line":156,"column":4},"end":{"line":324,"column":14},"skip":true}]},"7":{"line":70,"type":"if","locations":[{"start":{"line":70,"column":12},"end":{"line":70,"column":12},"skip":true},{"start":{"line":70,"column":12},"end":{"line":70,"column":12},"skip":true}]},"8":{"line":70,"type":"binary-expr","locations":[{"start":{"line":70,"column":16},"end":{"line":70,"column":22},"skip":true},{"start":{"line":70,"column":27},"end":{"line":70,"column":32},"skip":true},{"start":{"line":71,"column":20},"end":{"line":71,"column":39},"skip":true},{"start":{"line":72,"column":20},"end":{"line":72,"column":49},"skip":true},{"start":{"line":73,"column":20},"end":{"line":73,"column":58},"skip":true},{"start":{"line":74,"column":20},"end":{"line":74,"column":69},"skip":true}]},"9":{"line":79,"type":"switch","locations":[{"start":{"line":80,"column":20},"end":{"line":80,"column":33},"skip":true},{"start":{"line":81,"column":20},"end":{"line":83,"column":30},"skip":true},{"start":{"line":84,"column":20},"end":{"line":85,"column":49},"skip":true}]},"10":{"line":89,"type":"switch","locations":[{"start":{"line":90,"column":12},"end":{"line":103,"column":22},"skip":true},{"start":{"line":105,"column":12},"end":{"line":106,"column":22},"skip":true}]},"11":{"line":89,"type":"binary-expr","locations":[{"start":{"line":89,"column":20},"end":{"line":89,"column":25},"skip":true},{"start":{"line":89,"column":29},"end":{"line":89,"column":48},"skip":true},{"start":{"line":89,"column":52},"end":{"line":89,"column":74},"skip":true}]},"12":{"line":92,"type":"if","locations":[{"start":{"line":92,"column":16},"end":{"line":92,"column":16},"skip":true},{"start":{"line":92,"column":16},"end":{"line":92,"column":16},"skip":true}]},"13":{"line":108,"type":"if","locations":[{"start":{"line":108,"column":12},"end":{"line":108,"column":12},"skip":true},{"start":{"line":108,"column":12},"end":{"line":108,"column":12},"skip":true}]},"14":{"line":108,"type":"binary-expr","locations":[{"start":{"line":108,"column":16},"end":{"line":108,"column":61},"skip":true},{"start":{"line":108,"column":66},"end":{"line":108,"column":72},"skip":true},{"start":{"line":108,"column":77},"end":{"line":108,"column":82},"skip":true},{"start":{"line":109,"column":20},"end":{"line":109,"column":39},"skip":true},{"start":{"line":110,"column":20},"end":{"line":110,"column":49},"skip":true},{"start":{"line":111,"column":20},"end":{"line":111,"column":58},"skip":true},{"start":{"line":112,"column":20},"end":{"line":112,"column":68},"skip":true}]},"15":{"line":129,"type":"if","locations":[{"start":{"line":129,"column":16},"end":{"line":129,"column":16},"skip":true},{"start":{"line":129,"column":16},"end":{"line":129,"column":16},"skip":true}]},"16":{"line":134,"type":"cond-expr","locations":[{"start":{"line":135,"column":26},"end":{"line":135,"column":29},"skip":true},{"start":{"line":136,"column":26},"end":{"line":136,"column":54},"skip":true}]},"17":{"line":164,"type":"binary-expr","locations":[{"start":{"line":164,"column":27},"end":{"line":164,"column":43},"skip":true},{"start":{"line":164,"column":47},"end":{"line":164,"column":49},"skip":true}]},"18":{"line":258,"type":"if","locations":[{"start":{"line":258,"column":8},"end":{"line":258,"column":8},"skip":true},{"start":{"line":258,"column":8},"end":{"line":258,"column":8},"skip":true}]},"19":{"line":275,"type":"switch","locations":[{"start":{"line":276,"column":20},"end":{"line":277,"column":64},"skip":true},{"start":{"line":278,"column":20},"end":{"line":279,"column":40},"skip":true},{"start":{"line":280,"column":20},"end":{"line":281,"column":40},"skip":true},{"start":{"line":282,"column":20},"end":{"line":283,"column":39},"skip":true}]},"20":{"line":288,"type":"if","locations":[{"start":{"line":288,"column":8},"end":{"line":288,"column":8},"skip":true},{"start":{"line":288,"column":8},"end":{"line":288,"column":8},"skip":true}]},"21":{"line":288,"type":"binary-expr","locations":[{"start":{"line":288,"column":12},"end":{"line":288,"column":40},"skip":true},{"start":{"line":288,"column":44},"end":{"line":288,"column":67},"skip":true}]},"22":{"line":292,"type":"binary-expr","locations":[{"start":{"line":292,"column":12},"end":{"line":292,"column":50},"skip":true},{"start":{"line":293,"column":12},"end":{"line":293,"column":53},"skip":true}]},"23":{"line":297,"type":"binary-expr","locations":[{"start":{"line":297,"column":12},"end":{"line":297,"column":74},"skip":true},{"start":{"line":298,"column":12},"end":{"line":301,"column":36},"skip":true}]},"24":{"line":303,"type":"binary-expr","locations":[{"start":{"line":303,"column":43},"end":{"line":303,"column":75},"skip":true},{"start":{"line":303,"column":79},"end":{"line":303,"column":81},"skip":true}]},"25":{"line":306,"type":"if","locations":[{"start":{"line":306,"column":8},"end":{"line":306,"column":8},"skip":true},{"start":{"line":306,"column":8},"end":{"line":306,"column":8},"skip":true}]},"26":{"line":310,"type":"if","locations":[{"start":{"line":310,"column":8},"end":{"line":310,"column":8},"skip":true},{"start":{"line":310,"column":8},"end":{"line":310,"column":8},"skip":true}]},"27":{"line":313,"type":"binary-expr","locations":[{"start":{"line":313,"column":27},"end":{"line":313,"column":43},"skip":true},{"start":{"line":313,"column":47},"end":{"line":313,"column":53},"skip":true}]},"28":{"line":317,"type":"if","locations":[{"start":{"line":317,"column":12},"end":{"line":317,"column":12},"skip":true},{"start":{"line":317,"column":12},"end":{"line":317,"column":12},"skip":true}]}},"code":["/*","example.js","","quickstart example","","instruction","    1. save this script as example.js","    2. run the shell command:","        $ npm install npmtest-angular-messages && PORT=8081 node example.js","    3. play with the browser-demo on http://127.0.0.1:8081","*/","","","","/* istanbul instrument in package npmtest_angular_messages */","/*jslint","    bitwise: true,","    browser: true,","    maxerr: 8,","    maxlen: 96,","    node: true,","    nomen: true,","    regexp: true,","    stupid: true","*/","(function () {","    'use strict';","    var local;","","","","    // run shared js-env code - init-before","    (function () {","        // init local","        local = {};","        // init modeJs","        local.modeJs = (function () {","            try {","                return typeof navigator.userAgent === 'string' &&","                    typeof document.querySelector('body') === 'object' &&","                    typeof XMLHttpRequest.prototype.open === 'function' &&","                    'browser';","            } catch (errorCaughtBrowser) {","                return module.exports &&","                    typeof process.versions.node === 'string' &&","                    typeof require('http').createServer === 'function' &&","                    'node';","            }","        }());","        // init global","        local.global = local.modeJs === 'browser'","            ? window","            : global;","        // init utility2_rollup","        local = local.global.utility2_rollup || (local.modeJs === 'browser'","            ? local.global.utility2_npmtest_angular_messages","            : global.utility2_moduleExports);","        // export local","        local.global.local = local;","    }());","    switch (local.modeJs) {","","","","    // init-after","    // run browser js-env code - init-after","    /* istanbul ignore next */","    case 'browser':","        local.testRunBrowser = function (event) {","            if (!event || (event &&","                    event.currentTarget &&","                    event.currentTarget.className &&","                    event.currentTarget.className.includes &&","                    event.currentTarget.className.includes('onreset'))) {","                // reset output","                Array.from(","                    document.querySelectorAll('body > .resettable')","                ).forEach(function (element) {","                    switch (element.tagName) {","                    case 'INPUT':","                    case 'TEXTAREA':","                        element.value = '';","                        break;","                    default:","                        element.textContent = '';","                    }","                });","            }","            switch (event && event.currentTarget && event.currentTarget.id) {","            case 'testRunButton1':","                // show tests","                if (document.querySelector('#testReportDiv1').style.display === 'none') {","                    document.querySelector('#testReportDiv1').style.display = 'block';","                    document.querySelector('#testRunButton1').textContent =","                        'hide internal test';","                    local.modeTest = true;","                    local.testRunDefault(local);","                // hide tests","                } else {","                    document.querySelector('#testReportDiv1').style.display = 'none';","                    document.querySelector('#testRunButton1').textContent = 'run internal test';","                }","                break;","            // custom-case","            default:","                break;","            }","            if (document.querySelector('#inputTextareaEval1') && (!event || (event &&","                    event.currentTarget &&","                    event.currentTarget.className &&","                    event.currentTarget.className.includes &&","                    event.currentTarget.className.includes('oneval')))) {","                // try to eval input-code","                try {","                    /*jslint evil: true*/","                    eval(document.querySelector('#inputTextareaEval1').value);","                } catch (errorCaught) {","                    console.error(errorCaught);","                }","            }","        };","        // log stderr and stdout to #outputTextareaStdout1","        ['error', 'log'].forEach(function (key) {","            console[key + '_original'] = console[key];","            console[key] = function () {","                var element;","                console[key + '_original'].apply(console, arguments);","                element = document.querySelector('#outputTextareaStdout1');","                if (!element) {","                    return;","                }","                // append text to #outputTextareaStdout1","                element.value += Array.from(arguments).map(function (arg) {","                    return typeof arg === 'string'","                        ? arg","                        : JSON.stringify(arg, null, 4);","                }).join(' ') + '\\n';","                // scroll textarea to bottom","                element.scrollTop = element.scrollHeight;","            };","        });","        // init event-handling","        ['change', 'click', 'keyup'].forEach(function (event) {","            Array.from(document.querySelectorAll('.on' + event)).forEach(function (element) {","                element.addEventListener(event, local.testRunBrowser);","            });","        });","        // run tests","        local.testRunBrowser();","        break;","","","","    // run node js-env code - init-after","    /* istanbul ignore next */","    case 'node':","        // export local","        module.exports = local;","        // require modules","        local.fs = require('fs');","        local.http = require('http');","        local.url = require('url');","        // init assets","        local.assetsDict = local.assetsDict || {};","        /* jslint-ignore-begin */","        local.assetsDict['/assets.index.template.html'] = '\\","<!doctype html>\\n\\","<html lang=\"en\">\\n\\","<head>\\n\\","<meta charset=\"UTF-8\">\\n\\","<meta name=\"viewport\" content=\"width=device-width, initial-scale=1\">\\n\\","<title>{{env.npm_package_name}} (v{{env.npm_package_version}})</title>\\n\\","<style>\\n\\","/*csslint\\n\\","    box-sizing: false,\\n\\","    universal-selector: false\\n\\","*/\\n\\","* {\\n\\","    box-sizing: border-box;\\n\\","}\\n\\","body {\\n\\","    background: #dde;\\n\\","    font-family: Arial, Helvetica, sans-serif;\\n\\","    margin: 2rem;\\n\\","}\\n\\","body > * {\\n\\","    margin-bottom: 1rem;\\n\\","}\\n\\",".utility2FooterDiv {\\n\\","    margin-top: 20px;\\n\\","    text-align: center;\\n\\","}\\n\\","</style>\\n\\","<style>\\n\\","/*csslint\\n\\","*/\\n\\","textarea {\\n\\","    font-family: monospace;\\n\\","    height: 10rem;\\n\\","    width: 100%;\\n\\","}\\n\\","textarea[readonly] {\\n\\","    background: #ddd;\\n\\","}\\n\\","</style>\\n\\","</head>\\n\\","<body>\\n\\","<!-- utility2-comment\\n\\","<div id=\"ajaxProgressDiv1\" style=\"background: #d00; height: 2px; left: 0; margin: 0; padding: 0; position: fixed; top: 0; transition: background 0.5s, width 1.5s; width: 25%;\"></div>\\n\\","utility2-comment -->\\n\\","<h1>\\n\\","<!-- utility2-comment\\n\\","    <a\\n\\","        {{#if env.npm_package_homepage}}\\n\\","        href=\"{{env.npm_package_homepage}}\"\\n\\","        {{/if env.npm_package_homepage}}\\n\\","        target=\"_blank\"\\n\\","    >\\n\\","utility2-comment -->\\n\\","        {{env.npm_package_name}} (v{{env.npm_package_version}})\\n\\","<!-- utility2-comment\\n\\","    </a>\\n\\","utility2-comment -->\\n\\","</h1>\\n\\","<h3>{{env.npm_package_description}}</h3>\\n\\","<!-- utility2-comment\\n\\","<h4><a download href=\"assets.app.js\">download standalone app</a></h4>\\n\\","<button class=\"onclick onreset\" id=\"testRunButton1\">run internal test</button><br>\\n\\","<div id=\"testReportDiv1\" style=\"display: none;\"></div>\\n\\","utility2-comment -->\\n\\","\\n\\","\\n\\","\\n\\","<label>stderr and stdout</label>\\n\\","<textarea class=\"resettable\" id=\"outputTextareaStdout1\" readonly></textarea>\\n\\","<!-- utility2-comment\\n\\","{{#if isRollup}}\\n\\","<script src=\"assets.app.js\"></script>\\n\\","{{#unless isRollup}}\\n\\","utility2-comment -->\\n\\","<script src=\"assets.utility2.rollup.js\"></script>\\n\\","<script src=\"jsonp.utility2._stateInit?callback=window.utility2._stateInit\"></script>\\n\\","<script src=\"assets.npmtest_angular_messages.rollup.js\"></script>\\n\\","<script src=\"assets.example.js\"></script>\\n\\","<script src=\"assets.test.js\"></script>\\n\\","<!-- utility2-comment\\n\\","{{/if isRollup}}\\n\\","utility2-comment -->\\n\\","<div class=\"utility2FooterDiv\">\\n\\","    [ this app was created with\\n\\","    <a href=\"https://github.com/kaizhu256/node-utility2\" target=\"_blank\">utility2</a>\\n\\","    ]\\n\\","</div>\\n\\","</body>\\n\\","</html>\\n\\","';","        /* jslint-ignore-end */","        if (local.templateRender) {","            local.assetsDict['/'] = local.templateRender(","                local.assetsDict['/assets.index.template.html'],","                {","                    env: local.objectSetDefault(local.env, {","                        npm_package_description: 'the greatest app in the world!',","                        npm_package_name: 'my-app',","                        npm_package_nameAlias: 'my_app',","                        npm_package_version: '0.0.1'","                    })","                }","            );","        } else {","            local.assetsDict['/'] = local.assetsDict['/assets.index.template.html']","                .replace((/\\{\\{env\\.(\\w+?)\\}\\}/g), function (match0, match1) {","                    // jslint-hack","                    String(match0);","                    switch (match1) {","                    case 'npm_package_description':","                        return 'the greatest app in the world!';","                    case 'npm_package_name':","                        return 'my-app';","                    case 'npm_package_nameAlias':","                        return 'my_app';","                    case 'npm_package_version':","                        return '0.0.1';","                    }","                });","        }","        // run the cli","        if (local.global.utility2_rollup || module !== require.main) {","            break;","        }","        local.assetsDict['/assets.example.js'] =","            local.assetsDict['/assets.example.js'] ||","            local.fs.readFileSync(__filename, 'utf8');","        // bug-workaround - long $npm_package_buildCustomOrg","        /* jslint-ignore-begin */","        local.assetsDict['/assets.npmtest_angular_messages.rollup.js'] =","            local.assetsDict['/assets.npmtest_angular_messages.rollup.js'] ||","            local.fs.readFileSync(","                local.npmtest_angular_messages.__dirname + '/lib.npmtest_angular_messages.js',","                'utf8'","            ).replace((/^#!/), '//');","        /* jslint-ignore-end */","        local.assetsDict['/favicon.ico'] = local.assetsDict['/favicon.ico'] || '';","        // if $npm_config_timeout_exit exists,","        // then exit this process after $npm_config_timeout_exit ms","        if (Number(process.env.npm_config_timeout_exit)) {","            setTimeout(process.exit, Number(process.env.npm_config_timeout_exit));","        }","        // start server","        if (local.global.utility2_serverHttp1) {","            break;","        }","        process.env.PORT = process.env.PORT || '8081';","        console.error('server starting on port ' + process.env.PORT);","        local.http.createServer(function (request, response) {","            request.urlParsed = local.url.parse(request.url);","            if (local.assetsDict[request.urlParsed.pathname] !== undefined) {","                response.end(local.assetsDict[request.urlParsed.pathname]);","                return;","            }","            response.statusCode = 404;","            response.end();","        }).listen(process.env.PORT);","        break;","    }","}());",""],"l":{"26":2,"28":2,"33":2,"35":2,"37":2,"38":2,"39":2,"44":1,"51":2,"55":2,"59":2,"61":2,"69":1,"70":2,"76":2,"79":2,"82":2,"83":2,"85":1,"89":2,"92":1,"93":1,"94":1,"96":1,"97":1,"100":1,"101":1,"103":1,"106":1,"108":2,"114":1,"116":1,"118":1,"123":1,"124":2,"125":2,"126":3,"127":3,"128":3,"129":3,"130":1,"133":3,"134":3,"139":3,"143":1,"144":3,"145":1,"149":1,"150":1,"158":1,"160":1,"161":1,"162":1,"164":1,"166":1,"258":1,"259":1,"271":1,"274":6,"275":6,"277":1,"279":2,"281":1,"283":2,"288":1,"289":1,"291":1,"296":1,"303":1,"306":1,"307":1,"310":1,"311":1,"313":1,"314":1,"315":1,"316":1,"317":1,"318":1,"319":1,"321":1,"322":1,"324":1}},"/home/travis/build/npmtest/node-npmtest-angular-messages/node_modules/angular-messages/index.js":{"path":"/home/travis/build/npmtest/node-npmtest-angular-messages/node_modules/angular-messages/index.js","s":{"1":2,"2":0},"b":{},"f":{},"fnMap":{},"statementMap":{"1":{"start":{"line":1,"column":0},"end":{"line":1,"column":30}},"2":{"start":{"line":2,"column":0},"end":{"line":2,"column":30}}},"branchMap":{},"code":["require('./angular-messages');","module.exports = 'ngMessages';",""],"l":{"1":2,"2":0}},"/home/travis/build/npmtest/node-npmtest-angular-messages/node_modules/angular-messages/angular-messages.js":{"path":"/home/travis/build/npmtest/node-npmtest-angular-messages/node_modules/angular-messages/angular-messages.js","s":{"1":4,"2":0,"3":0,"4":0,"5":0,"6":0,"7":0,"8":0,"9":0,"10":0,"11":0,"12":0,"13":0,"14":0,"15":0,"16":0,"17":0,"18":0,"19":0,"20":0,"21":0,"22":0,"23":0,"24":0,"25":0,"26":0,"27":0,"28":0,"29":0,"30":0,"31":0,"32":0,"33":0,"34":0,"35":0,"36":0,"37":0,"38":0,"39":0,"40":0,"41":0,"42":0,"43":0,"44":0,"45":0,"46":0,"47":0,"48":0,"49":0,"50":0,"51":0,"52":0,"53":0,"54":0,"55":0,"56":0,"57":0,"58":0,"59":0,"60":0,"61":0,"62":0,"63":0,"64":0,"65":0,"66":0,"67":0,"68":0,"69":0,"70":0,"71":0,"72":0,"73":0,"74":0,"75":1,"76":0,"77":0,"78":0,"79":0,"80":0,"81":0,"82":0,"83":0,"84":0,"85":0,"86":0,"87":0,"88":0,"89":1,"90":0,"91":0,"92":0,"93":0,"94":0,"95":0,"96":0,"97":0,"98":0,"99":1,"100":0,"101":0,"102":0,"103":0,"104":0,"105":1,"106":0,"107":1,"108":0,"109":0,"110":0,"111":0,"112":0,"113":0,"114":0,"115":0,"116":0,"117":0,"118":0,"119":1,"120":0,"121":0,"122":0,"123":0,"124":1,"125":0,"126":0,"127":0,"128":0,"129":0,"130":0,"131":0,"132":0,"133":0,"134":0,"135":0,"136":0,"137":0,"138":0,"139":0,"140":0,"141":0,"142":0,"143":0,"144":0,"145":0,"146":0,"147":0,"148":0,"149":0,"150":0,"151":0,"152":0,"153":0,"154":0,"155":1,"156":0,"157":0},"b":{"1":[0,0],"2":[0,0],"3":[0,0],"4":[0,0],"5":[0,0,0],"6":[0,0],"7":[0,0],"8":[0,0],"9":[0,0],"10":[0,0],"11":[0,0],"12":[0,0],"13":[0,0],"14":[0,0],"15":[0,0],"16":[0,0],"17":[0,0],"18":[0,0],"19":[0,0],"20":[0,0],"21":[0,0],"22":[0,0,0],"23":[0,0],"24":[0,0],"25":[0,0],"26":[0,0],"27":[0,0],"28":[0,0],"29":[0,0],"30":[0,0],"31":[0,0],"32":[0,0],"33":[0,0],"34":[0,0],"35":[0,0],"36":[0,0],"37":[0,0],"38":[0,0],"39":[0,0]},"f":{"1":0,"2":0,"3":0,"4":0,"5":0,"6":0,"7":0,"8":0,"9":0,"10":0,"11":0,"12":0,"13":0,"14":0,"15":0,"16":0,"17":0,"18":0,"19":0,"20":0,"21":0,"22":0,"23":0,"24":0,"25":0,"26":0,"27":0,"28":0,"29":0,"30":0,"31":0,"32":0,"33":0,"34":0},"fnMap":{"1":{"name":"(anonymous_1)","line":6,"loc":{"start":{"line":6,"column":1},"end":{"line":6,"column":27}}},"2":{"name":"initAngularHelpers","line":267,"loc":{"start":{"line":267,"column":33},"end":{"line":267,"column":63}}},"3":{"name":"(anonymous_3)","line":349,"loc":{"start":{"line":349,"column":40},"end":{"line":349,"column":59}}},"4":{"name":"NgMessagesCtrl","line":356,"loc":{"start":{"line":356,"column":51},"end":{"line":356,"column":101}}},"5":{"name":"getAttachId","line":361,"loc":{"start":{"line":361,"column":27},"end":{"line":361,"column":50}}},"6":{"name":"(anonymous_6)","line":366,"loc":{"start":{"line":366,"column":22},"end":{"line":366,"column":43}}},"7":{"name":"(anonymous_7)","line":389,"loc":{"start":{"line":389,"column":34},"end":{"line":389,"column":55}}},"8":{"name":"(anonymous_8)","line":412,"loc":{"start":{"line":412,"column":37},"end":{"line":412,"column":59}}},"9":{"name":"(anonymous_9)","line":426,"loc":{"start":{"line":426,"column":32},"end":{"line":426,"column":43}}},"10":{"name":"(anonymous_10)","line":427,"loc":{"start":{"line":427,"column":28},"end":{"line":427,"column":43}}},"11":{"name":"(anonymous_11)","line":432,"loc":{"start":{"line":432,"column":24},"end":{"line":432,"column":35}}},"12":{"name":"(anonymous_12)","line":435,"loc":{"start":{"line":435,"column":30},"end":{"line":435,"column":41}}},"13":{"name":"(anonymous_13)","line":443,"loc":{"start":{"line":443,"column":24},"end":{"line":443,"column":55}}},"14":{"name":"(anonymous_14)","line":455,"loc":{"start":{"line":455,"column":26},"end":{"line":455,"column":44}}},"15":{"name":"findPreviousMessage","line":463,"loc":{"start":{"line":463,"column":8},"end":{"line":463,"column":54}}},"16":{"name":"insertMessageNode","line":487,"loc":{"start":{"line":487,"column":8},"end":{"line":487,"column":57}}},"17":{"name":"removeMessageNode","line":503,"loc":{"start":{"line":503,"column":8},"end":{"line":503,"column":57}}},"18":{"name":"isAttrTruthy","line":516,"loc":{"start":{"line":516,"column":4},"end":{"line":516,"column":39}}},"19":{"name":"truthy","line":521,"loc":{"start":{"line":521,"column":4},"end":{"line":521,"column":25}}},"20":{"name":"(anonymous_20)","line":557,"loc":{"start":{"line":557,"column":50},"end":{"line":557,"column":98}}},"21":{"name":"(anonymous_21)","line":562,"loc":{"start":{"line":562,"column":12},"end":{"line":562,"column":45}}},"22":{"name":"(anonymous_22)","line":564,"loc":{"start":{"line":564,"column":35},"end":{"line":564,"column":50}}},"23":{"name":"(anonymous_23)","line":572,"loc":{"start":{"line":572,"column":35},"end":{"line":572,"column":54}}},"24":{"name":"replaceElementWithMarker","line":582,"loc":{"start":{"line":582,"column":4},"end":{"line":582,"column":52}}},"25":{"name":"ngMessageDirectiveFactory","line":660,"loc":{"start":{"line":660,"column":0},"end":{"line":660,"column":37}}},"26":{"name":"(anonymous_26)","line":661,"loc":{"start":{"line":661,"column":22},"end":{"line":661,"column":41}}},"27":{"name":"(anonymous_27)","line":668,"loc":{"start":{"line":668,"column":12},"end":{"line":668,"column":73}}},"28":{"name":"(anonymous_28)","line":674,"loc":{"start":{"line":674,"column":28},"end":{"line":674,"column":44}}},"29":{"name":"(anonymous_29)","line":692,"loc":{"start":{"line":692,"column":16},"end":{"line":692,"column":31}}},"30":{"name":"(anonymous_30)","line":695,"loc":{"start":{"line":695,"column":18},"end":{"line":695,"column":29}}},"31":{"name":"(anonymous_31)","line":697,"loc":{"start":{"line":697,"column":26},"end":{"line":697,"column":50}}},"32":{"name":"(anonymous_32)","line":708,"loc":{"start":{"line":708,"column":46},"end":{"line":708,"column":57}}},"33":{"name":"(anonymous_33)","line":718,"loc":{"start":{"line":718,"column":18},"end":{"line":718,"column":29}}},"34":{"name":"contains","line":730,"loc":{"start":{"line":730,"column":2},"end":{"line":730,"column":37}}}},"statementMap":{"1":{"start":{"line":6,"column":0},"end":{"line":740,"column":27}},"2":{"start":{"line":8,"column":0},"end":{"line":8,"column":12}},"3":{"start":{"line":9,"column":0},"end":{"line":9,"column":12}},"4":{"start":{"line":10,"column":0},"end":{"line":10,"column":13}},"5":{"start":{"line":11,"column":0},"end":{"line":11,"column":11}},"6":{"start":{"line":267,"column":0},"end":{"line":658,"column":58}},"7":{"start":{"line":270,"column":2},"end":{"line":270,"column":28}},"8":{"start":{"line":271,"column":2},"end":{"line":271,"column":28}},"9":{"start":{"line":272,"column":2},"end":{"line":272,"column":30}},"10":{"start":{"line":273,"column":2},"end":{"line":273,"column":27}},"11":{"start":{"line":350,"column":4},"end":{"line":350,"column":35}},"12":{"start":{"line":351,"column":4},"end":{"line":351,"column":39}},"13":{"start":{"line":353,"column":4},"end":{"line":514,"column":6}},"14":{"start":{"line":357,"column":8},"end":{"line":357,"column":24}},"15":{"start":{"line":358,"column":8},"end":{"line":358,"column":26}},"16":{"start":{"line":359,"column":8},"end":{"line":359,"column":29}},"17":{"start":{"line":361,"column":8},"end":{"line":361,"column":77}},"18":{"start":{"line":361,"column":52},"end":{"line":361,"column":74}},"19":{"start":{"line":363,"column":8},"end":{"line":363,"column":42}},"20":{"start":{"line":364,"column":8},"end":{"line":364,"column":42}},"21":{"start":{"line":366,"column":8},"end":{"line":421,"column":10}},"22":{"start":{"line":367,"column":10},"end":{"line":367,"column":40}},"23":{"start":{"line":369,"column":10},"end":{"line":369,"column":30}},"24":{"start":{"line":370,"column":10},"end":{"line":370,"column":40}},"25":{"start":{"line":373,"column":10},"end":{"line":374,"column":63}},"26":{"start":{"line":376,"column":10},"end":{"line":376,"column":37}},"27":{"start":{"line":377,"column":10},"end":{"line":377,"column":31}},"28":{"start":{"line":378,"column":10},"end":{"line":378,"column":38}},"29":{"start":{"line":379,"column":10},"end":{"line":379,"column":35}},"30":{"start":{"line":380,"column":10},"end":{"line":380,"column":32}},"31":{"start":{"line":383,"column":10},"end":{"line":410,"column":11}},"32":{"start":{"line":384,"column":12},"end":{"line":384,"column":28}},"33":{"start":{"line":385,"column":12},"end":{"line":385,"column":50}},"34":{"start":{"line":387,"column":12},"end":{"line":387,"column":36}},"35":{"start":{"line":388,"column":12},"end":{"line":399,"column":13}},"36":{"start":{"line":389,"column":14},"end":{"line":398,"column":17}},"37":{"start":{"line":390,"column":16},"end":{"line":397,"column":17}},"38":{"start":{"line":392,"column":18},"end":{"line":392,"column":47}},"39":{"start":{"line":392,"column":40},"end":{"line":392,"column":47}},"40":{"start":{"line":393,"column":18},"end":{"line":393,"column":42}},"41":{"start":{"line":395,"column":18},"end":{"line":395,"column":37}},"42":{"start":{"line":396,"column":18},"end":{"line":396,"column":39}},"43":{"start":{"line":401,"column":12},"end":{"line":407,"column":13}},"44":{"start":{"line":404,"column":14},"end":{"line":404,"column":39}},"45":{"start":{"line":406,"column":14},"end":{"line":406,"column":50}},"46":{"start":{"line":409,"column":12},"end":{"line":409,"column":43}},"47":{"start":{"line":412,"column":10},"end":{"line":414,"column":13}},"48":{"start":{"line":413,"column":12},"end":{"line":413,"column":33}},"49":{"start":{"line":416,"column":10},"end":{"line":420,"column":11}},"50":{"start":{"line":417,"column":12},"end":{"line":417,"column":70}},"51":{"start":{"line":419,"column":12},"end":{"line":419,"column":70}},"52":{"start":{"line":423,"column":8},"end":{"line":423,"column":81}},"53":{"start":{"line":426,"column":8},"end":{"line":430,"column":11}},"54":{"start":{"line":427,"column":10},"end":{"line":429,"column":13}},"55":{"start":{"line":428,"column":12},"end":{"line":428,"column":34}},"56":{"start":{"line":432,"column":8},"end":{"line":441,"column":10}},"57":{"start":{"line":433,"column":10},"end":{"line":440,"column":11}},"58":{"start":{"line":434,"column":12},"end":{"line":434,"column":31}},"59":{"start":{"line":435,"column":12},"end":{"line":439,"column":15}},"60":{"start":{"line":436,"column":14},"end":{"line":438,"column":15}},"61":{"start":{"line":437,"column":16},"end":{"line":437,"column":46}},"62":{"start":{"line":443,"column":8},"end":{"line":453,"column":10}},"63":{"start":{"line":444,"column":10},"end":{"line":444,"column":45}},"64":{"start":{"line":445,"column":10},"end":{"line":447,"column":12}},"65":{"start":{"line":448,"column":10},"end":{"line":448,"column":59}},"66":{"start":{"line":449,"column":10},"end":{"line":449,"column":44}},"67":{"start":{"line":450,"column":10},"end":{"line":450,"column":22}},"68":{"start":{"line":452,"column":10},"end":{"line":452,"column":26}},"69":{"start":{"line":455,"column":8},"end":{"line":461,"column":10}},"70":{"start":{"line":456,"column":10},"end":{"line":456,"column":44}},"71":{"start":{"line":457,"column":10},"end":{"line":457,"column":41}},"72":{"start":{"line":458,"column":10},"end":{"line":458,"column":55}},"73":{"start":{"line":459,"column":10},"end":{"line":459,"column":31}},"74":{"start":{"line":460,"column":10},"end":{"line":460,"column":26}},"75":{"start":{"line":463,"column":8},"end":{"line":485,"column":9}},"76":{"start":{"line":464,"column":10},"end":{"line":464,"column":33}},"77":{"start":{"line":465,"column":10},"end":{"line":465,"column":32}},"78":{"start":{"line":467,"column":10},"end":{"line":484,"column":11}},"79":{"start":{"line":468,"column":12},"end":{"line":468,"column":51}},"80":{"start":{"line":469,"column":12},"end":{"line":471,"column":13}},"81":{"start":{"line":470,"column":14},"end":{"line":470,"column":39}},"82":{"start":{"line":475,"column":12},"end":{"line":483,"column":13}},"83":{"start":{"line":476,"column":14},"end":{"line":476,"column":42}},"84":{"start":{"line":477,"column":14},"end":{"line":477,"column":77}},"85":{"start":{"line":478,"column":19},"end":{"line":483,"column":13}},"86":{"start":{"line":479,"column":14},"end":{"line":479,"column":50}},"87":{"start":{"line":481,"column":14},"end":{"line":481,"column":45}},"88":{"start":{"line":482,"column":14},"end":{"line":482,"column":42}},"89":{"start":{"line":487,"column":8},"end":{"line":501,"column":9}},"90":{"start":{"line":488,"column":10},"end":{"line":488,"column":42}},"91":{"start":{"line":489,"column":10},"end":{"line":500,"column":11}},"92":{"start":{"line":490,"column":12},"end":{"line":490,"column":36}},"93":{"start":{"line":492,"column":12},"end":{"line":492,"column":61}},"94":{"start":{"line":493,"column":12},"end":{"line":499,"column":13}},"95":{"start":{"line":494,"column":14},"end":{"line":494,"column":44}},"96":{"start":{"line":495,"column":14},"end":{"line":495,"column":39}},"97":{"start":{"line":497,"column":14},"end":{"line":497,"column":43}},"98":{"start":{"line":498,"column":14},"end":{"line":498,"column":38}},"99":{"start":{"line":503,"column":8},"end":{"line":512,"column":9}},"100":{"start":{"line":504,"column":10},"end":{"line":504,"column":42}},"101":{"start":{"line":506,"column":10},"end":{"line":506,"column":59}},"102":{"start":{"line":507,"column":10},"end":{"line":511,"column":11}},"103":{"start":{"line":508,"column":12},"end":{"line":508,"column":42}},"104":{"start":{"line":510,"column":12},"end":{"line":510,"column":41}},"105":{"start":{"line":516,"column":4},"end":{"line":519,"column":5}},"106":{"start":{"line":517,"column":5},"end":{"line":518,"column":38}},"107":{"start":{"line":521,"column":4},"end":{"line":523,"column":5}},"108":{"start":{"line":522,"column":6},"end":{"line":522,"column":48}},"109":{"start":{"line":559,"column":4},"end":{"line":579,"column":6}},"110":{"start":{"line":563,"column":8},"end":{"line":563,"column":55}},"111":{"start":{"line":564,"column":8},"end":{"line":577,"column":11}},"112":{"start":{"line":565,"column":10},"end":{"line":565,"column":41}},"113":{"start":{"line":565,"column":34},"end":{"line":565,"column":41}},"114":{"start":{"line":567,"column":10},"end":{"line":576,"column":11}},"115":{"start":{"line":569,"column":12},"end":{"line":569,"column":51}},"116":{"start":{"line":572,"column":12},"end":{"line":575,"column":15}},"117":{"start":{"line":573,"column":14},"end":{"line":573,"column":38}},"118":{"start":{"line":574,"column":14},"end":{"line":574,"column":53}},"119":{"start":{"line":582,"column":4},"end":{"line":592,"column":5}},"120":{"start":{"line":584,"column":6},"end":{"line":586,"column":73}},"121":{"start":{"line":587,"column":6},"end":{"line":587,"column":35}},"122":{"start":{"line":588,"column":6},"end":{"line":588,"column":28}},"123":{"start":{"line":591,"column":6},"end":{"line":591,"column":23}},"124":{"start":{"line":660,"column":0},"end":{"line":737,"column":1}},"125":{"start":{"line":661,"column":2},"end":{"line":728,"column":5}},"126":{"start":{"line":662,"column":4},"end":{"line":727,"column":6}},"127":{"start":{"line":669,"column":8},"end":{"line":669,"column":37}},"128":{"start":{"line":671,"column":8},"end":{"line":671,"column":20}},"129":{"start":{"line":672,"column":8},"end":{"line":672,"column":54}},"130":{"start":{"line":673,"column":8},"end":{"line":673,"column":61}},"131":{"start":{"line":674,"column":8},"end":{"line":681,"column":10}},"132":{"start":{"line":675,"column":10},"end":{"line":679,"column":21}},"133":{"start":{"line":680,"column":10},"end":{"line":680,"column":36}},"134":{"start":{"line":683,"column":8},"end":{"line":688,"column":9}},"135":{"start":{"line":684,"column":10},"end":{"line":684,"column":49}},"136":{"start":{"line":685,"column":10},"end":{"line":685,"column":60}},"137":{"start":{"line":687,"column":10},"end":{"line":687,"column":35}},"138":{"start":{"line":690,"column":8},"end":{"line":690,"column":40}},"139":{"start":{"line":691,"column":8},"end":{"line":725,"column":11}},"140":{"start":{"line":693,"column":12},"end":{"line":693,"column":43}},"141":{"start":{"line":696,"column":12},"end":{"line":716,"column":13}},"142":{"start":{"line":697,"column":14},"end":{"line":715,"column":17}},"143":{"start":{"line":698,"column":16},"end":{"line":698,"column":51}},"144":{"start":{"line":699,"column":16},"end":{"line":699,"column":37}},"145":{"start":{"line":703,"column":16},"end":{"line":703,"column":90}},"146":{"start":{"line":708,"column":16},"end":{"line":714,"column":19}},"147":{"start":{"line":709,"column":18},"end":{"line":712,"column":19}},"148":{"start":{"line":710,"column":20},"end":{"line":710,"column":59}},"149":{"start":{"line":711,"column":20},"end":{"line":711,"column":41}},"150":{"start":{"line":713,"column":18},"end":{"line":713,"column":38}},"151":{"start":{"line":719,"column":12},"end":{"line":723,"column":13}},"152":{"start":{"line":720,"column":14},"end":{"line":720,"column":39}},"153":{"start":{"line":721,"column":14},"end":{"line":721,"column":36}},"154":{"start":{"line":722,"column":14},"end":{"line":722,"column":34}},"155":{"start":{"line":730,"column":2},"end":{"line":736,"column":3}},"156":{"start":{"line":731,"column":4},"end":{"line":735,"column":5}},"157":{"start":{"line":732,"column":6},"end":{"line":734,"column":43}}},"branchMap":{"1":{"line":367,"type":"binary-expr","locations":[{"start":{"line":367,"column":23},"end":{"line":367,"column":33}},{"start":{"line":367,"column":37},"end":{"line":367,"column":39}}]},"2":{"line":373,"type":"binary-expr","locations":[{"start":{"line":373,"column":25},"end":{"line":373,"column":72}},{"start":{"line":374,"column":25},"end":{"line":374,"column":62}}]},"3":{"line":388,"type":"if","locations":[{"start":{"line":388,"column":12},"end":{"line":388,"column":12}},{"start":{"line":388,"column":12},"end":{"line":388,"column":12}}]},"4":{"line":390,"type":"if","locations":[{"start":{"line":390,"column":16},"end":{"line":390,"column":16}},{"start":{"line":390,"column":16},"end":{"line":390,"column":16}}]},"5":{"line":390,"type":"binary-expr","locations":[{"start":{"line":390,"column":20},"end":{"line":390,"column":32}},{"start":{"line":390,"column":36},"end":{"line":390,"column":49}},{"start":{"line":390,"column":53},"end":{"line":390,"column":74}}]},"6":{"line":392,"type":"if","locations":[{"start":{"line":392,"column":18},"end":{"line":392,"column":18}},{"start":{"line":392,"column":18},"end":{"line":392,"column":18}}]},"7":{"line":401,"type":"if","locations":[{"start":{"line":401,"column":12},"end":{"line":401,"column":12}},{"start":{"line":401,"column":12},"end":{"line":401,"column":12}}]},"8":{"line":416,"type":"if","locations":[{"start":{"line":416,"column":10},"end":{"line":416,"column":10}},{"start":{"line":416,"column":10},"end":{"line":416,"column":10}}]},"9":{"line":423,"type":"binary-expr","locations":[{"start":{"line":423,"column":32},"end":{"line":423,"column":49}},{"start":{"line":423,"column":53},"end":{"line":423,"column":66}}]},"10":{"line":433,"type":"if","locations":[{"start":{"line":433,"column":10},"end":{"line":433,"column":10}},{"start":{"line":433,"column":10},"end":{"line":433,"column":10}}]},"11":{"line":436,"type":"if","locations":[{"start":{"line":436,"column":14},"end":{"line":436,"column":14}},{"start":{"line":436,"column":14},"end":{"line":436,"column":14}}]},"12":{"line":436,"type":"binary-expr","locations":[{"start":{"line":436,"column":18},"end":{"line":436,"column":29}},{"start":{"line":436,"column":33},"end":{"line":436,"column":49}}]},"13":{"line":467,"type":"binary-expr","locations":[{"start":{"line":467,"column":17},"end":{"line":467,"column":25}},{"start":{"line":467,"column":29},"end":{"line":467,"column":48}}]},"14":{"line":469,"type":"if","locations":[{"start":{"line":469,"column":12},"end":{"line":469,"column":12}},{"start":{"line":469,"column":12},"end":{"line":469,"column":12}}]},"15":{"line":469,"type":"binary-expr","locations":[{"start":{"line":469,"column":16},"end":{"line":469,"column":23}},{"start":{"line":469,"column":27},"end":{"line":469,"column":41}}]},"16":{"line":475,"type":"if","locations":[{"start":{"line":475,"column":12},"end":{"line":475,"column":12}},{"start":{"line":475,"column":12},"end":{"line":475,"column":12}}]},"17":{"line":475,"type":"binary-expr","locations":[{"start":{"line":475,"column":16},"end":{"line":475,"column":42}},{"start":{"line":475,"column":46},"end":{"line":475,"column":83}}]},"18":{"line":478,"type":"if","locations":[{"start":{"line":478,"column":19},"end":{"line":478,"column":19}},{"start":{"line":478,"column":19},"end":{"line":478,"column":19}}]},"19":{"line":489,"type":"if","locations":[{"start":{"line":489,"column":10},"end":{"line":489,"column":10}},{"start":{"line":489,"column":10},"end":{"line":489,"column":10}}]},"20":{"line":493,"type":"if","locations":[{"start":{"line":493,"column":12},"end":{"line":493,"column":12}},{"start":{"line":493,"column":12},"end":{"line":493,"column":12}}]},"21":{"line":507,"type":"if","locations":[{"start":{"line":507,"column":10},"end":{"line":507,"column":10}},{"start":{"line":507,"column":10},"end":{"line":507,"column":10}}]},"22":{"line":517,"type":"binary-expr","locations":[{"start":{"line":517,"column":13},"end":{"line":517,"column":27}},{"start":{"line":517,"column":31},"end":{"line":517,"column":48}},{"start":{"line":518,"column":12},"end":{"line":518,"column":37}}]},"23":{"line":522,"type":"cond-expr","locations":[{"start":{"line":522,"column":29},"end":{"line":522,"column":39}},{"start":{"line":522,"column":42},"end":{"line":522,"column":47}}]},"24":{"line":563,"type":"binary-expr","locations":[{"start":{"line":563,"column":18},"end":{"line":563,"column":41}},{"start":{"line":563,"column":45},"end":{"line":563,"column":54}}]},"25":{"line":565,"type":"if","locations":[{"start":{"line":565,"column":10},"end":{"line":565,"column":10}},{"start":{"line":565,"column":10},"end":{"line":565,"column":10}}]},"26":{"line":567,"type":"if","locations":[{"start":{"line":567,"column":10},"end":{"line":567,"column":10}},{"start":{"line":567,"column":10},"end":{"line":567,"column":10}}]},"27":{"line":567,"type":"binary-expr","locations":[{"start":{"line":567,"column":14},"end":{"line":567,"column":28}},{"start":{"line":567,"column":32},"end":{"line":567,"column":44}}]},"28":{"line":584,"type":"cond-expr","locations":[{"start":{"line":585,"column":10},"end":{"line":585,"column":60}},{"start":{"line":586,"column":10},"end":{"line":586,"column":72}}]},"29":{"line":672,"type":"binary-expr","locations":[{"start":{"line":672,"column":24},"end":{"line":672,"column":39}},{"start":{"line":672,"column":43},"end":{"line":672,"column":53}}]},"30":{"line":673,"type":"binary-expr","locations":[{"start":{"line":673,"column":25},"end":{"line":673,"column":43}},{"start":{"line":673,"column":47},"end":{"line":673,"column":60}}]},"31":{"line":675,"type":"cond-expr","locations":[{"start":{"line":676,"column":17},"end":{"line":678,"column":41}},{"start":{"line":679,"column":16},"end":{"line":679,"column":20}}]},"32":{"line":676,"type":"cond-expr","locations":[{"start":{"line":677,"column":20},"end":{"line":677,"column":25}},{"start":{"line":678,"column":20},"end":{"line":678,"column":41}}]},"33":{"line":683,"type":"if","locations":[{"start":{"line":683,"column":8},"end":{"line":683,"column":8}},{"start":{"line":683,"column":8},"end":{"line":683,"column":8}}]},"34":{"line":696,"type":"if","locations":[{"start":{"line":696,"column":12},"end":{"line":696,"column":12}},{"start":{"line":696,"column":12},"end":{"line":696,"column":12}}]},"35":{"line":709,"type":"if","locations":[{"start":{"line":709,"column":18},"end":{"line":709,"column":18}},{"start":{"line":709,"column":18},"end":{"line":709,"column":18}}]},"36":{"line":709,"type":"binary-expr","locations":[{"start":{"line":709,"column":22},"end":{"line":709,"column":36}},{"start":{"line":709,"column":40},"end":{"line":709,"column":80}}]},"37":{"line":719,"type":"if","locations":[{"start":{"line":719,"column":12},"end":{"line":719,"column":12}},{"start":{"line":719,"column":12},"end":{"line":719,"column":12}}]},"38":{"line":731,"type":"if","locations":[{"start":{"line":731,"column":4},"end":{"line":731,"column":4}},{"start":{"line":731,"column":4},"end":{"line":731,"column":4}}]},"39":{"line":732,"type":"cond-expr","locations":[{"start":{"line":733,"column":12},"end":{"line":733,"column":40}},{"start":{"line":734,"column":12},"end":{"line":734,"column":42}}]}},"code":["/**"," * @license AngularJS v1.6.4"," * (c) 2010-2017 Google, Inc. http://angularjs.org"," * License: MIT"," */","(function(window, angular) {'use strict';","","var forEach;","var isArray;","var isString;","var jqLite;","","/**"," * @ngdoc module"," * @name ngMessages"," * @description"," *"," * The `ngMessages` module provides enhanced support for displaying messages within templates"," * (typically within forms or when rendering message objects that return key/value data)."," * Instead of relying on JavaScript code and/or complex ng-if statements within your form template to"," * show and hide error messages specific to the state of an input field, the `ngMessages` and"," * `ngMessage` directives are designed to handle the complexity, inheritance and priority"," * sequencing based on the order of how the messages are defined in the template."," *"," * Currently, the ngMessages module only contains the code for the `ngMessages`, `ngMessagesInclude`"," * `ngMessage` and `ngMessageExp` directives."," *"," * # Usage"," * The `ngMessages` directive allows keys in a key/value collection to be associated with a child element"," * (or 'message') that will show or hide based on the truthiness of that key's value in the collection. A common use"," * case for `ngMessages` is to display error messages for inputs using the `$error` object exposed by the"," * {@link ngModel ngModel} directive."," *"," * The child elements of the `ngMessages` directive are matched to the collection keys by a `ngMessage` or"," * `ngMessageExp` directive. The value of these attributes must match a key in the collection that is provided by"," * the `ngMessages` directive."," *"," * Consider the following example, which illustrates a typical use case of `ngMessages`. Within the form `myForm` we"," * have a text input named `myField` which is bound to the scope variable `field` using the {@link ngModel ngModel}"," * directive."," *"," * The `myField` field is a required input of type `email` with a maximum length of 15 characters."," *"," * ```html"," * <form name=\"myForm\">"," *   <label>"," *     Enter text:"," *     <input type=\"email\" ng-model=\"field\" name=\"myField\" required maxlength=\"15\" />"," *   </label>"," *   <div ng-messages=\"myForm.myField.$error\" role=\"alert\">"," *     <div ng-message=\"required\">Please enter a value for this field.</div>"," *     <div ng-message=\"email\">This field must be a valid email address.</div>"," *     <div ng-message=\"maxlength\">This field can be at most 15 characters long.</div>"," *   </div>"," * </form>"," * ```"," *"," * In order to show error messages corresponding to `myField` we first create an element with an `ngMessages` attribute"," * set to the `$error` object owned by the `myField` input in our `myForm` form."," *"," * Within this element we then create separate elements for each of the possible errors that `myField` could have."," * The `ngMessage` attribute is used to declare which element(s) will appear for which error - for example,"," * setting `ng-message=\"required\"` specifies that this particular element should be displayed when there"," * is no value present for the required field `myField` (because the key `required` will be `true` in the object"," * `myForm.myField.$error`)."," *"," * ### Message order"," *"," * By default, `ngMessages` will only display one message for a particular key/value collection at any time. If more"," * than one message (or error) key is currently true, then which message is shown is determined by the order of messages"," * in the HTML template code (messages declared first are prioritised). This mechanism means the developer does not have"," * to prioritize messages using custom JavaScript code."," *"," * Given the following error object for our example (which informs us that the field `myField` currently has both the"," * `required` and `email` errors):"," *"," * ```javascript"," * <!-- keep in mind that ngModel automatically sets these error flags -->"," * myField.$error = { required : true, email: true, maxlength: false };"," * ```"," * The `required` message will be displayed to the user since it appears before the `email` message in the DOM."," * Once the user types a single character, the `required` message will disappear (since the field now has a value)"," * but the `email` message will be visible because it is still applicable."," *"," * ### Displaying multiple messages at the same time"," *"," * While `ngMessages` will by default only display one error element at a time, the `ng-messages-multiple` attribute can"," * be applied to the `ngMessages` container element to cause it to display all applicable error messages at once:"," *"," * ```html"," * <!-- attribute-style usage -->"," * <div ng-messages=\"myForm.myField.$error\" ng-messages-multiple>...</div>"," *"," * <!-- element-style usage -->"," * <ng-messages for=\"myForm.myField.$error\" multiple>...</ng-messages>"," * ```"," *"," * ## Reusing and Overriding Messages"," * In addition to prioritization, ngMessages also allows for including messages from a remote o
[...]
t\" class=\"some-message\">...</div>"," *   <div ng-message=\"fail\" class=\"some-message\">...</div>"," * </div>"," * ```"," *"," * Then the CSS animation code for the message container looks like so:"," *"," * ```css"," * .my-messages {"," *   transition:1s linear all;"," * }"," * .my-messages.ng-active {"," *   // messages are visible"," * }"," * .my-messages.ng-inactive {"," *   // messages are hidden"," * }"," * ```"," *"," * Whenever an inner message is attached (becomes visible) or removed (becomes hidden) then the enter"," * and leave animation is triggered for each particular element bound to the `ngMessage` directive."," *"," * Therefore, the CSS code for the inner messages looks like so:"," *"," * ```css"," * .some-message {"," *   transition:1s linear all;"," * }"," *"," * .some-message.ng-enter {}"," * .some-message.ng-enter.ng-enter-active {}"," *"," * .some-message.ng-leave {}"," * .some-message.ng-leave.ng-leave-active {}"," * ```"," *"," * {@link ngAnimate Click here} to learn how to use JavaScript animations or to learn more about ngAnimate."," */","angular.module('ngMessages', [], function initAngularHelpers() {","  // Access helpers from angular core.","  // Do it inside a `config` block to ensure `window.angular` is available.","  forEach = angular.forEach;","  isArray = angular.isArray;","  isString = angular.isString;","  jqLite = angular.element;","})","  .info({ angularVersion: '1.6.4' })","","  /**","   * @ngdoc directive","   * @module ngMessages","   * @name ngMessages","   * @restrict AE","   *","   * @description","   * `ngMessages` is a directive that is designed to show and hide messages based on the state","   * of a key/value object that it listens on. The directive itself complements error message","   * reporting with the `ngModel` $error object (which stores a key/value state of validation errors).","   *","   * `ngMessages` manages the state of internal messages within its container element. The internal","   * messages use the `ngMessage` directive and will be inserted/removed from the page depending","   * on if they're present within the key/value object. By default, only one message will be displayed","   * at a time and this depends on the prioritization of the messages within the template. (This can","   * be changed by using the `ng-messages-multiple` or `multiple` attribute on the directive container.)","   *","   * A remote template can also be used to promote message reusability and messages can also be","   * overridden.","   *","   * {@link module:ngMessages Click here} to learn more about `ngMessages` and `ngMessage`.","   *","   * @usage","   * ```html","   * <!-- using attribute directives -->","   * <ANY ng-messages=\"expression\" role=\"alert\">","   *   <ANY ng-message=\"stringValue\">...</ANY>","   *   <ANY ng-message=\"stringValue1, stringValue2, ...\">...</ANY>","   *   <ANY ng-message-exp=\"expressionValue\">...</ANY>","   * </ANY>","   *","   * <!-- or by using element directives -->","   * <ng-messages for=\"expression\" role=\"alert\">","   *   <ng-message when=\"stringValue\">...</ng-message>","   *   <ng-message when=\"stringValue1, stringValue2, ...\">...</ng-message>","   *   <ng-message when-exp=\"expressionValue\">...</ng-message>","   * </ng-messages>","   * ```","   *","   * @param {string} ngMessages an angular expression evaluating to a key/value object","   *                 (this is typically the $error object on an ngModel instance).","   * @param {string=} ngMessagesMultiple|multiple when set, all messages will be displayed with true","   *","   * @example","   * <example name=\"ngMessages-directive\" module=\"ngMessagesExample\"","   *          deps=\"angular-messages.js\"","   *          animations=\"true\" fixBase=\"true\">","   *   <file name=\"index.html\">","   *     <form name=\"myForm\">","   *       <label>","   *         Enter your name:","   *         <input type=\"text\"","   *                name=\"myName\"","   *                ng-model=\"name\"","   *                ng-minlength=\"5\"","   *                ng-maxlength=\"20\"","   *                required />","   *       </label>","   *       <pre>myForm.myName.$error = {{ myForm.myName.$error | json }}</pre>","   *","   *       <div ng-messages=\"myForm.myName.$error\" style=\"color:maroon\" role=\"alert\">","   *         <div ng-message=\"required\">You did not enter a field</div>","   *         <div ng-message=\"minlength\">Your field is too short</div>","   *         <div ng-message=\"maxlength\">Your field is too long</div>","   *       </div>","   *     </form>","   *   </file>","   *   <file name=\"script.js\">","   *     angular.module('ngMessagesExample', ['ngMessages']);","   *   </file>","   * </example>","   */","  .directive('ngMessages', ['$animate', function($animate) {","    var ACTIVE_CLASS = 'ng-active';","    var INACTIVE_CLASS = 'ng-inactive';","","    return {","      require: 'ngMessages',","      restrict: 'AE',","      controller: ['$element', '$scope', '$attrs', function NgMessagesCtrl($element, $scope, $attrs) {","        var ctrl = this;","        var latestKey = 0;","        var nextAttachId = 0;","","        this.getAttachId = function getAttachId() { return nextAttachId++; };","","        var messages = this.messages = {};","        var renderLater, cachedCollection;","","        this.render = function(collection) {","          collection = collection || {};","","          renderLater = false;","          cachedCollection = collection;","","          // this is true if the attribute is empty or if the attribute value is truthy","          var multiple = isAttrTruthy($scope, $attrs.ngMessagesMultiple) ||","                         isAttrTruthy($scope, $attrs.multiple);","","          var unmatchedMessages = [];","          var matchedKeys = {};","          var messageItem = ctrl.head;","          var messageFound = false;","          var totalMessages = 0;","","          // we use != instead of !== to allow for both undefined and null values","          while (messageItem != null) {","            totalMessages++;","            var messageCtrl = messageItem.message;","","            var messageUsed = false;","            if (!messageFound) {","              forEach(collection, function(value, key) {","                if (!messageUsed && truthy(value) && messageCtrl.test(key)) {","                  // this is to prevent the same error name from showing up twice","                  if (matchedKeys[key]) return;","                  matchedKeys[key] = true;","","                  messageUsed = true;","                  messageCtrl.attach();","                }","              });","            }","","            if (messageUsed) {","              // unless we want to display multiple messages then we should","              // set a flag here to avoid displaying the next message in the list","              messageFound = !multiple;","            } else {","              unmatchedMessages.push(messageCtrl);","            }","","            messageItem = messageItem.next;","          }","","          forEach(unmatchedMessages, function(messageCtrl) {","            messageCtrl.detach();","          });","","          if (unmatchedMessages.length !== totalMessages) {","            $animate.setClass($element, ACTIVE_CLASS, INACTIVE_CLASS);","          } else {","            $animate.setClass($element, INACTIVE_CLASS, ACTIVE_CLASS);","          }","        };","","        $scope.$watchCollection($attrs.ngMessages || $attrs['for'], ctrl.render);","","        // If the element is destroyed, proactively destroy all the currently visible messages","        $element.on('$destroy', function() {","          forEach(messages, function(item) {","            item.message.detach();","          });","        });","","        this.reRender = function() {","          if (!renderLater) {","            renderLater = true;","            $scope.$evalAsync(function() {","              if (renderLater && cachedCollection) {","                ctrl.render(cachedCollection);","              }","            });","          }","        };","","        this.register = function(comment, messageCtrl) {","          var nextKey = latestKey.toString();","          messages[nextKey] = {","            message: messageCtrl","          };","          insertMessageNode($element[0], comment, nextKey);","          comment.$$ngMessageNode = nextKey;","          latestKey++;","","          ctrl.reRender();","        };","","        this.deregister = function(comment) {","          var key = comment.$$ngMessageNode;","          delete comment.$$ngMessageNode;","          removeMessageNode($element[0], comment, key);","          delete messages[key];","          ctrl.reRender();","        };","","        function findPreviousMessage(parent, comment) {","          var prevNode = comment;","          var parentLookup = [];","","          while (prevNode && prevNode !== parent) {","            var prevKey = prevNode.$$ngMessageNode;","            if (prevKey && prevKey.length) {","              return messages[prevKey];","            }","","            // dive deeper into the DOM and examine its children for any ngMessage","            // comments that may be in an element that appears deeper in the list","            if (prevNode.childNodes.length && parentLookup.indexOf(prevNode) === -1) {","              parentLookup.push(prevNode);","              prevNode = prevNode.childNodes[prevNode.childNodes.length - 1];","            } else if (prevNode.previousSibling) {","              prevNode = prevNode.previousSibling;","            } else {","              prevNode = prevNode.parentNode;","              parentLookup.push(prevNode);","            }","          }","        }","","        function insertMessageNode(parent, comment, key) {","          var messageNode = messages[key];","          if (!ctrl.head) {","            ctrl.head = messageNode;","          } else {","            var match = findPreviousMessage(parent, comment);","            if (match) {","              messageNode.next = match.next;","              match.next = messageNode;","            } else {","              messageNode.next = ctrl.head;","              ctrl.head = messageNode;","            }","          }","        }","","        function removeMessageNode(parent, comment, key) {","          var messageNode = messages[key];","","          var match = findPreviousMessage(parent, comment);","          if (match) {","            match.next = messageNode.next;","          } else {","            ctrl.head = messageNode.next;","          }","        }","      }]","    };","","    function isAttrTruthy(scope, attr) {","     return (isString(attr) && attr.length === 0) || //empty attribute","            truthy(scope.$eval(attr));","    }","","    function truthy(val) {","      return isString(val) ? val.length : !!val;","    }","  }])","","  /**","   * @ngdoc directive","   * @name ngMessagesInclude","   * @restrict AE","   * @scope","   *","   * @description","   * `ngMessagesInclude` is a directive with the purpose to import existing ngMessage template","   * code from a remote template and place the downloaded template code into the exact spot","   * that the ngMessagesInclude directive is placed within the ngMessages container. This allows","   * for a series of pre-defined messages to be reused and also allows for the developer to","   * determine what messages are overridden due to the placement of the ngMessagesInclude directive.","   *","   * @usage","   * ```html","   * <!-- using attribute directives -->","   * <ANY ng-messages=\"expression\" role=\"alert\">","   *   <ANY ng-messages-include=\"remoteTplString\">...</ANY>","   * </ANY>","   *","   * <!-- or by using element directives -->","   * <ng-messages for=\"expression\" role=\"alert\">","   *   <ng-messages-include src=\"expressionValue1\">...</ng-messages-include>","   * </ng-messages>","   * ```","   *","   * {@link module:ngMessages Click here} to learn more about `ngMessages` and `ngMessage`.","   *","   * @param {string} ngMessagesInclude|src a string value corresponding to the remote template.","   */","  .directive('ngMessagesInclude',","    ['$templateRequest', '$document', '$compile', function($templateRequest, $document, $compile) {","","    return {","      restrict: 'AE',","      require: '^^ngMessages', // we only require this for validation sake","      link: function($scope, element, attrs) {","        var src = attrs.ngMessagesInclude || attrs.src;","        $templateRequest(src).then(function(html) {","          if ($scope.$$destroyed) return;","","          if (isString(html) && !html.trim()) {","            // Empty template - nothing to compile","            replaceElementWithMarker(element, src);","          } else {","            // Non-empty template - compile and link","            $compile(html)($scope, function(contents) {","              element.after(contents);","              replaceElementWithMarker(element, src);","            });","          }","        });","      }","    };","","    // Helpers","    function replaceElementWithMarker(element, src) {","      // A comment marker is placed for debugging purposes","      var comment = $compile.$$createComment ?","          $compile.$$createComment('ngMessagesInclude', src) :","          $document[0].createComment(' ngMessagesInclude: ' + src + ' ');","      var marker = jqLite(comment);","      element.after(marker);","","      // Don't pollute the DOM anymore by keeping an empty directive element","      element.remove();","    }","  }])","","  /**","   * @ngdoc directive","   * @name ngMessage","   * @restrict AE","   * @scope","   *","   * @description","   * `ngMessage` is a directive with the purpose to show and hide a particular message.","   * For `ngMessage` to operate, a parent `ngMessages` directive on a parent DOM element","   * must be situated since it determines which messages are visible based on the state","   * of the provided key/value map that `ngMessages` listens on.","   *","   * More information about using `ngMessage` can be found in the","   * {@link module:ngMessages `ngMessages` module documentation}.","   *","   * @usage","   * ```html","   * <!-- using attribute directives -->","   * <ANY ng-messages=\"expression\" role=\"alert\">","   *   <ANY ng-message=\"stringValue\">...</ANY>","   *   <ANY ng-message=\"stringValue1, stringValue2, ...\">...</ANY>","   * </ANY>","   *","   * <!-- or by using element directives -->","   * <ng-messages for=\"expression\" role=\"alert\">","   *   <ng-message when=\"stringValue\">...</ng-message>","   *   <ng-message when=\"stringValue1, stringValue2, ...\">...</ng-message>","   * </ng-messages>","   * ```","   *","   * @param {expression} ngMessage|when a string value corresponding to the message key.","   */","  .directive('ngMessage', ngMessageDirectiveFactory())","","","  /**","   * @ngdoc directive","   * @name ngMessageExp","   * @restrict AE","   * @priority 1","   * @scope","   *","   * @description","   * `ngMessageExp` is the same as {@link directive:ngMessage `ngMessage`}, but instead of a static","   * value, it accepts an expression to be evaluated for the message key.","   *","   * @usage","   * ```html","   * <!-- using attribute directives -->","   * <ANY ng-messages=\"expression\">","   *   <ANY ng-message-exp=\"expressionValue\">...</ANY>","   * </ANY>","   *","   * <!-- or by using element directives -->","   * <ng-messages for=\"expression\">","   *   <ng-message when-exp=\"expressionValue\">...</ng-message>","   * </ng-messages>","   * ```","   *","   * {@link module:ngMessages Click here} to learn more about `ngMessages` and `ngMessage`.","   *","   * @param {expression} ngMessageExp|whenExp an expression value corresponding to the message key.","   */","  .directive('ngMessageExp', ngMessageDirectiveFactory());","","function ngMessageDirectiveFactory() {","  return ['$animate', function($animate) {","    return {","      restrict: 'AE',","      transclude: 'element',","      priority: 1, // must run before ngBind, otherwise the text is set on the comment","      terminal: true,","      require: '^^ngMessages',","      link: function(scope, element, attrs, ngMessagesCtrl, $transclude) {","        var commentNode = element[0];","","        var records;","        var staticExp = attrs.ngMessage || attrs.when;","        var dynamicExp = attrs.ngMessageExp || attrs.whenExp;","        var assignRecords = function(items) {","          records = items","              ? (isArray(items)","                  ? items","                  : items.split(/[\\s,]+/))","              : null;","          ngMessagesCtrl.reRender();","        };","","        if (dynamicExp) {","          assignRecords(scope.$eval(dynamicExp));","          scope.$watchCollection(dynamicExp, assignRecords);","        } else {","          assignRecords(staticExp);","        }","","        var currentElement, messageCtrl;","        ngMessagesCtrl.register(commentNode, messageCtrl = {","          test: function(name) {","            return contains(records, name);","          },","          attach: function() {","            if (!currentElement) {","              $transclude(function(elm, newScope) {","                $animate.enter(elm, null, element);","                currentElement = elm;","","                // Each time we attach this node to a message we get a new id that we can match","                // when we are destroying the node later.","                var $$attachId = currentElement.$$attachId = ngMessagesCtrl.getAttachId();","","                // in the event that the element or a parent element is destroyed","                // by another structural directive then it's time","                // to deregister the message from the controller","                currentElement.on('$destroy', function() {","                  if (currentElement && currentElement.$$attachId === $$attachId) {","                    ngMessagesCtrl.deregister(commentNode);","                    messageCtrl.detach();","                  }","                  newScope.$destroy();","                });","              });","            }","          },","          detach: function() {","            if (currentElement) {","              var elm = currentElement;","              currentElement = null;","              $animate.leave(elm);","            }","          }","        });","      }","    };","  }];","","  function contains(collection, key) {","    if (collection) {","      return isArray(collection)","          ? collection.indexOf(key) >= 0","          : collection.hasOwnProperty(key);","    }","  }","}","","","})(window, window.angular);",""],"l":{"6":4,"8":0,"9":0,"10":0,"11":0,"267":0,"270":0,"271":0,"272":0,"273":0,"350":0,"351":0,"353":0,"357":0,"358":0,"359":0,"361":0,"363":0,"364":0,"366":0,"367":0,"369":0,"370":0,"373":0,"376":0,"377":0,"378":0,"379":0,"380":0,"383":0,"384":0,"385":0,"387":0,"388":0,"389":0,"390":0,"392":0,"393":0,"395":0,"396":0,"401":0,"404":0,"406":0,"409":0,"412":0,"413":0,"416":0,"417":0,"419":0,"423":0,"426":0,"427":0,"428":0,"432":0,"433":0,"434":0,"435":0,"436":0,"437":0,"443":0,"444":0,"445":0,"448":0,"449":0,"450":0,"452":0,"455":0,"456":0,"457":0,"458":0,"459":0,"460":0,"463":1,"464":0,"465":0,"467":0,"468":0,"469":0,"470":0,"475":0,"476":0,"477":0,"478":0,"479":0,"481":0,"482":0,"487":1,"488":0,"489":0,"490":0,"492":0,"493":0,"494":0,"495":0,"497":0,"498":0,"503":1,"504":0,"506":0,"507":0,"508":0,"510":0,"516":1,"517":0,"521":1,"522":0,"559":0,"563":0,"564":0,"565":0,"567":0,"569":0,"572":0,"573":0,"574":0,"582":1,"584":0,"587":0,"588":0,"591":0,"660":1,"661":0,"662":0,"669":0,"671":0,"672":0,"673":0,"674":0,"675":0,"680":0,"683":0,"684":0,"685":0,"687":0,"690":0,"691":0,"693":0,"696":0,"697":0,"698":0,"699":0,"703":0,"708":0,"709":0,"710":0,"711":0,"713":0,"719":0,"720":0,"721":0,"722":0,"730":1,"731":0,"732":0}}}